{"/home/travis/build/npmtest/node-npmtest-nodegit/test.js":{"path":"/home/travis/build/npmtest/node-npmtest-nodegit/test.js","s":{"1":2,"2":2,"3":2,"4":2,"5":2,"6":2,"7":2,"8":1,"9":2,"10":2,"11":1,"12":1,"13":1,"14":1,"15":2,"16":2,"17":2,"18":2,"19":1,"20":1,"21":2,"22":2,"23":2,"24":1,"25":1,"26":1,"27":1,"28":1,"29":1,"30":1,"31":1,"32":1,"33":1,"34":1,"35":1,"36":1,"37":1,"38":1,"39":2,"40":2,"41":1,"42":2,"43":2,"44":1,"45":2,"46":2,"47":1,"48":2,"49":2,"50":1,"51":1,"52":1,"53":1,"54":1},"b":{"1":[2,1,1,1],"2":[1,1,1,1],"3":[1,1],"4":[1,1],"5":[1,1],"6":[1,1],"7":[1,1],"8":[1,1],"9":[1,1],"10":[1,1,1],"11":[1,1],"12":[1,1],"13":[1,1],"14":[1,1],"15":[1,1],"16":[1,1],"17":[1,1]},"f":{"1":2,"2":2,"3":2,"4":2,"5":2,"6":1,"7":1,"8":1,"9":2,"10":2,"11":2,"12":2,"13":1},"fnMap":{"1":{"name":"(anonymous_1)","line":12,"loc":{"start":{"line":12,"column":1},"end":{"line":12,"column":13}}},"2":{"name":"(anonymous_2)","line":19,"loc":{"start":{"line":19,"column":5},"end":{"line":19,"column":17}}},"3":{"name":"(anonymous_3)","line":23,"loc":{"start":{"line":23,"column":24},"end":{"line":23,"column":36}}},"4":{"name":"(anonymous_4)","line":61,"loc":{"start":{"line":61,"column":5},"end":{"line":61,"column":17}}},"5":{"name":"(anonymous_5)","line":82,"loc":{"start":{"line":82,"column":5},"end":{"line":82,"column":17}}},"6":{"name":"(anonymous_6)","line":91,"loc":{"start":{"line":91,"column":77},"end":{"line":94,"column":10}}},"7":{"name":"(anonymous_7)","line":112,"loc":{"start":{"line":112,"column":83},"end":{"line":115,"column":10}},"skip":true},"8":{"name":"(anonymous_8)","line":123,"loc":{"start":{"line":123,"column":77},"end":{"line":126,"column":10}},"skip":true},"9":{"name":"(anonymous_9)","line":139,"loc":{"start":{"line":139,"column":12},"end":{"line":139,"column":40}},"skip":true},"10":{"name":"(anonymous_10)","line":147,"loc":{"start":{"line":147,"column":77},"end":{"line":150,"column":10}},"skip":true},"11":{"name":"(anonymous_11)","line":158,"loc":{"start":{"line":158,"column":83},"end":{"line":161,"column":10}},"skip":true},"12":{"name":"(anonymous_12)","line":169,"loc":{"start":{"line":169,"column":79},"end":{"line":172,"column":10}},"skip":true},"13":{"name":"(anonymous_13)","line":180,"loc":{"start":{"line":180,"column":75},"end":{"line":183,"column":10}},"skip":true}},"statementMap":{"1":{"start":{"line":12,"column":0},"end":{"line":195,"column":5}},"2":{"start":{"line":14,"column":4},"end":{"line":14,"column":14}},"3":{"start":{"line":19,"column":4},"end":{"line":56,"column":9}},"4":{"start":{"line":21,"column":8},"end":{"line":21,"column":19}},"5":{"start":{"line":23,"column":8},"end":{"line":35,"column":13}},"6":{"start":{"line":24,"column":12},"end":{"line":34,"column":13}},"7":{"start":{"line":25,"column":16},"end":{"line":28,"column":30}},"8":{"start":{"line":30,"column":16},"end":{"line":33,"column":27}},"9":{"start":{"line":37,"column":8},"end":{"line":39,"column":21}},"10":{"start":{"line":40,"column":8},"end":{"line":53,"column":9}},"11":{"start":{"line":43,"column":12},"end":{"line":46,"column":14}},"12":{"start":{"line":47,"column":12},"end":{"line":47,"column":18}},"13":{"start":{"line":50,"column":12},"end":{"line":51,"column":33}},"14":{"start":{"line":52,"column":12},"end":{"line":52,"column":18}},"15":{"start":{"line":55,"column":8},"end":{"line":55,"column":35}},"16":{"start":{"line":61,"column":4},"end":{"line":63,"column":9}},"17":{"start":{"line":62,"column":8},"end":{"line":62,"column":15}},"18":{"start":{"line":64,"column":4},"end":{"line":77,"column":5}},"19":{"start":{"line":70,"column":8},"end":{"line":70,"column":14}},"20":{"start":{"line":76,"column":8},"end":{"line":76,"column":14}},"21":{"start":{"line":82,"column":4},"end":{"line":84,"column":9}},"22":{"start":{"line":83,"column":8},"end":{"line":83,"column":15}},"23":{"start":{"line":85,"column":4},"end":{"line":194,"column":5}},"24":{"start":{"line":91,"column":8},"end":{"line":99,"column":10}},"25":{"start":{"line":98,"column":12},"end":{"line":98,"column":35}},"26":{"start":{"line":102,"column":8},"end":{"line":104,"column":63}},"27":{"start":{"line":105,"column":8},"end":{"line":105,"column":14}},"28":{"start":{"line":112,"column":8},"end":{"line":121,"column":10},"skip":true},"29":{"start":{"line":119,"column":12},"end":{"line":119,"column":55},"skip":true},"30":{"start":{"line":120,"column":12},"end":{"line":120,"column":48},"skip":true},"31":{"start":{"line":123,"column":8},"end":{"line":136,"column":10},"skip":true},"32":{"start":{"line":130,"column":12},"end":{"line":130,"column":76},"skip":true},"33":{"start":{"line":131,"column":12},"end":{"line":131,"column":73},"skip":true},"34":{"start":{"line":132,"column":12},"end":{"line":132,"column":74},"skip":true},"35":{"start":{"line":133,"column":12},"end":{"line":133,"column":79},"skip":true},"36":{"start":{"line":134,"column":12},"end":{"line":134,"column":25},"skip":true},"37":{"start":{"line":135,"column":12},"end":{"line":135,"column":45},"skip":true},"38":{"start":{"line":138,"column":8},"end":{"line":145,"column":14},"skip":true},"39":{"start":{"line":143,"column":16},"end":{"line":143,"column":29},"skip":true},"40":{"start":{"line":144,"column":16},"end":{"line":144,"column":55},"skip":true},"41":{"start":{"line":147,"column":8},"end":{"line":156,"column":10},"skip":true},"42":{"start":{"line":154,"column":12},"end":{"line":154,"column":25},"skip":true},"43":{"start":{"line":155,"column":12},"end":{"line":155,"column":45},"skip":true},"44":{"start":{"line":158,"column":8},"end":{"line":167,"column":10},"skip":true},"45":{"start":{"line":165,"column":12},"end":{"line":165,"column":25},"skip":true},"46":{"start":{"line":166,"column":12},"end":{"line":166,"column":48},"skip":true},"47":{"start":{"line":169,"column":8},"end":{"line":178,"column":10},"skip":true},"48":{"start":{"line":176,"column":12},"end":{"line":176,"column":25},"skip":true},"49":{"start":{"line":177,"column":12},"end":{"line":177,"column":46},"skip":true},"50":{"start":{"line":180,"column":8},"end":{"line":189,"column":10},"skip":true},"51":{"start":{"line":187,"column":12},"end":{"line":187,"column":94},"skip":true},"52":{"start":{"line":188,"column":12},"end":{"line":188,"column":48},"skip":true},"53":{"start":{"line":192,"column":8},"end":{"line":192,"column":35},"skip":true},"54":{"start":{"line":193,"column":8},"end":{"line":193,"column":14},"skip":true}},"branchMap":{"1":{"line":25,"type":"binary-expr","locations":[{"start":{"line":25,"column":23},"end":{"line":25,"column":62}},{"start":{"line":26,"column":20},"end":{"line":26,"column":70}},{"start":{"line":27,"column":20},"end":{"line":27,"column":71}},{"start":{"line":28,"column":20},"end":{"line":28,"column":29}}]},"2":{"line":30,"type":"binary-expr","locations":[{"start":{"line":30,"column":23},"end":{"line":30,"column":37}},{"start":{"line":31,"column":20},"end":{"line":31,"column":61}},{"start":{"line":32,"column":20},"end":{"line":32,"column":70}},{"start":{"line":33,"column":20},"end":{"line":33,"column":26}}]},"3":{"line":37,"type":"cond-expr","locations":[{"start":{"line":38,"column":14},"end":{"line":38,"column":20}},{"start":{"line":39,"column":14},"end":{"line":39,"column":20}}]},"4":{"line":40,"type":"switch","locations":[{"start":{"line":42,"column":8},"end":{"line":47,"column":18}},{"start":{"line":49,"column":8},"end":{"line":52,"column":18}}]},"5":{"line":44,"type":"binary-expr","locations":[{"start":{"line":44,"column":16},"end":{"line":44,"column":44}},{"start":{"line":44,"column":48},"end":{"line":44,"column":66}}]},"6":{"line":50,"type":"binary-expr","locations":[{"start":{"line":50,"column":21},"end":{"line":50,"column":49}},{"start":{"line":50,"column":53},"end":{"line":50,"column":72}}]},"7":{"line":64,"type":"switch","locations":[{"start":{"line":69,"column":4},"end":{"line":70,"column":14}},{"start":{"line":75,"column":4},"end":{"line":76,"column":14}}]},"8":{"line":85,"type":"switch","locations":[{"start":{"line":90,"column":4},"end":{"line":105,"column":14}},{"start":{"line":111,"column":4},"end":{"line":193,"column":14},"skip":true}]},"9":{"line":91,"type":"binary-expr","locations":[{"start":{"line":91,"column":42},"end":{"line":91,"column":73}},{"start":{"line":91,"column":77},"end":{"line":99,"column":9}}]},"10":{"line":102,"type":"binary-expr","locations":[{"start":{"line":102,"column":18},"end":{"line":102,"column":32}},{"start":{"line":103,"column":12},"end":{"line":103,"column":53}},{"start":{"line":104,"column":12},"end":{"line":104,"column":61}}]},"11":{"line":112,"type":"binary-expr","locations":[{"start":{"line":112,"column":45},"end":{"line":112,"column":79},"skip":true},{"start":{"line":112,"column":83},"end":{"line":121,"column":9},"skip":true}]},"12":{"line":123,"type":"binary-expr","locations":[{"start":{"line":123,"column":42},"end":{"line":123,"column":73},"skip":true},{"start":{"line":123,"column":77},"end":{"line":136,"column":9},"skip":true}]},"13":{"line":138,"type":"binary-expr","locations":[{"start":{"line":138,"column":48},"end":{"line":138,"column":85},"skip":true},{"start":{"line":139,"column":12},"end":{"line":145,"column":13},"skip":true}]},"14":{"line":147,"type":"binary-expr","locations":[{"start":{"line":147,"column":42},"end":{"line":147,"column":73},"skip":true},{"start":{"line":147,"column":77},"end":{"line":156,"column":9},"skip":true}]},"15":{"line":158,"type":"binary-expr","locations":[{"start":{"line":158,"column":45},"end":{"line":158,"column":79},"skip":true},{"start":{"line":158,"column":83},"end":{"line":167,"column":9},"skip":true}]},"16":{"line":169,"type":"binary-expr","locations":[{"start":{"line":169,"column":43},"end":{"line":169,"column":75},"skip":true},{"start":{"line":169,"column":79},"end":{"line":178,"column":9},"skip":true}]},"17":{"line":180,"type":"binary-expr","locations":[{"start":{"line":180,"column":41},"end":{"line":180,"column":71},"skip":true},{"start":{"line":180,"column":75},"end":{"line":189,"column":9},"skip":true}]}},"code":["/* istanbul instrument in package npmtest_nodegit */","/*jslint","    bitwise: true,","    browser: true,","    maxerr: 8,","    maxlen: 96,","    node: true,","    nomen: true,","    regexp: true,","    stupid: true","*/","(function () {","    'use strict';","    var local;","","","","    // run shared js-env code - init-before","    (function () {","        // init local","        local = {};","        // init modeJs","        local.modeJs = (function () {","            try {","                return typeof navigator.userAgent === 'string' &&","                    typeof document.querySelector('body') === 'object' &&","                    typeof XMLHttpRequest.prototype.open === 'function' &&","                    'browser';","            } catch (errorCaughtBrowser) {","                return module.exports &&","                    typeof process.versions.node === 'string' &&","                    typeof require('http').createServer === 'function' &&","                    'node';","            }","        }());","        // init global","        local.global = local.modeJs === 'browser'","            ? window","            : global;","        switch (local.modeJs) {","        // re-init local from window.local","        case 'browser':","            local = local.global.utility2.objectSetDefault(","                local.global.utility2_rollup || local.global.local,","                local.global.utility2","            );","            break;","        // re-init local from example.js","        case 'node':","            local = (local.global.utility2_rollup || require('utility2'))","                .requireReadme();","            break;","        }","        // export local","        local.global.local = local;","    }());","","","","    // run shared js-env code - function","    (function () {","        return;","    }());","    switch (local.modeJs) {","","","","    // run browser js-env code - function","    case 'browser':","        break;","","","","    // run node js-env code - function","    case 'node':","        break;","    }","","","","    // run shared js-env code - init-after","    (function () {","        return;","    }());","    switch (local.modeJs) {","","","","    // run browser js-env code - init-after","    case 'browser':","        local.testCase_browser_nullCase = local.testCase_browser_nullCase || function (","            options,","            onError","        ) {","        /*","         * this function will test browsers's null-case handling-behavior-behavior","         */","            onError(null, options);","        };","","        // run tests","        local.nop(local.modeTest &&","            document.querySelector('#testRunButton1') &&","            document.querySelector('#testRunButton1').click());","        break;","","","","    // run node js-env code - init-after","    /* istanbul ignore next */","    case 'node':","        local.testCase_buildApidoc_default = local.testCase_buildApidoc_default || function (","            options,","            onError","        ) {","        /*","         * this function will test buildApidoc's default handling-behavior-behavior","         */","            options = { modulePathList: module.paths };","            local.buildApidoc(options, onError);","        };","","        local.testCase_buildApp_default = local.testCase_buildApp_default || function (","            options,","            onError","        ) {","        /*","         * this function will test buildApp's default handling-behavior-behavior","         */","            local.testCase_buildReadme_default(options, local.onErrorThrow);","            local.testCase_buildLib_default(options, local.onErrorThrow);","            local.testCase_buildTest_default(options, local.onErrorThrow);","            local.testCase_buildCustomOrg_default(options, local.onErrorThrow);","            options = [];","            local.buildApp(options, onError);","        };","","        local.testCase_buildCustomOrg_default = local.testCase_buildCustomOrg_default ||","            function (options, onError) {","            /*","             * this function will test buildCustomOrg's default handling-behavior","             */","                options = {};","                local.buildCustomOrg(options, onError);","            };","","        local.testCase_buildLib_default = local.testCase_buildLib_default || function (","            options,","            onError","        ) {","        /*","         * this function will test buildLib's default handling-behavior","         */","            options = {};","            local.buildLib(options, onError);","        };","","        local.testCase_buildReadme_default = local.testCase_buildReadme_default || function (","            options,","            onError","        ) {","        /*","         * this function will test buildReadme's default handling-behavior-behavior","         */","            options = {};","            local.buildReadme(options, onError);","        };","","        local.testCase_buildTest_default = local.testCase_buildTest_default || function (","            options,","            onError","        ) {","        /*","         * this function will test buildTest's default handling-behavior","         */","            options = {};","            local.buildTest(options, onError);","        };","","        local.testCase_webpage_default = local.testCase_webpage_default || function (","            options,","            onError","        ) {","        /*","         * this function will test webpage's default handling-behavior","         */","            options = { modeCoverageMerge: true, url: local.serverLocalHost + '?modeTest=1' };","            local.browserTest(options, onError);","        };","","        // run test-server","        local.testRunServer(local);","        break;","    }","}());",""],"l":{"12":2,"14":2,"19":2,"21":2,"23":2,"24":2,"25":2,"30":1,"37":2,"40":2,"43":1,"47":1,"50":1,"52":1,"55":2,"61":2,"62":2,"64":2,"70":1,"76":1,"82":2,"83":2,"85":2,"91":1,"98":1,"102":1,"105":1,"112":1,"119":1,"120":1,"123":1,"130":1,"131":1,"132":1,"133":1,"134":1,"135":1,"138":1,"143":2,"144":2,"147":1,"154":2,"155":2,"158":1,"165":2,"166":2,"169":1,"176":2,"177":2,"180":1,"187":1,"188":1,"192":1,"193":1}},"/home/travis/build/npmtest/node-npmtest-nodegit/lib.npmtest_nodegit.js":{"path":"/home/travis/build/npmtest/node-npmtest-nodegit/lib.npmtest_nodegit.js","s":{"1":2,"2":2,"3":2,"4":2,"5":2,"6":2,"7":2,"8":1,"9":2,"10":2,"11":2,"12":2,"13":1,"14":1,"15":1,"16":1},"b":{"1":[2,1,1,1],"2":[1,1,1,1],"3":[1,1],"4":[2,2],"5":[1,1]},"f":{"1":2,"2":2,"3":2},"fnMap":{"1":{"name":"(anonymous_1)","line":12,"loc":{"start":{"line":12,"column":1},"end":{"line":12,"column":13}}},"2":{"name":"(anonymous_2)","line":19,"loc":{"start":{"line":19,"column":5},"end":{"line":19,"column":17}}},"3":{"name":"(anonymous_3)","line":23,"loc":{"start":{"line":23,"column":24},"end":{"line":23,"column":36}}}},"statementMap":{"1":{"start":{"line":12,"column":0},"end":{"line":53,"column":5}},"2":{"start":{"line":14,"column":4},"end":{"line":14,"column":14}},"3":{"start":{"line":19,"column":4},"end":{"line":52,"column":9}},"4":{"start":{"line":21,"column":8},"end":{"line":21,"column":19}},"5":{"start":{"line":23,"column":8},"end":{"line":35,"column":13}},"6":{"start":{"line":24,"column":12},"end":{"line":34,"column":13}},"7":{"start":{"line":25,"column":16},"end":{"line":28,"column":30}},"8":{"start":{"line":30,"column":16},"end":{"line":33,"column":27}},"9":{"start":{"line":37,"column":8},"end":{"line":39,"column":21}},"10":{"start":{"line":41,"column":8},"end":{"line":41,"column":54}},"11":{"start":{"line":43,"column":8},"end":{"line":43,"column":52}},"12":{"start":{"line":45,"column":8},"end":{"line":51,"column":9}},"13":{"start":{"line":46,"column":12},"end":{"line":46,"column":58}},"14":{"start":{"line":48,"column":12},"end":{"line":48,"column":35}},"15":{"start":{"line":49,"column":12},"end":{"line":49,"column":49}},"16":{"start":{"line":50,"column":12},"end":{"line":50,"column":43}}},"branchMap":{"1":{"line":25,"type":"binary-expr","locations":[{"start":{"line":25,"column":23},"end":{"line":25,"column":62}},{"start":{"line":26,"column":20},"end":{"line":26,"column":70}},{"start":{"line":27,"column":20},"end":{"line":27,"column":71}},{"start":{"line":28,"column":20},"end":{"line":28,"column":29}}]},"2":{"line":30,"type":"binary-expr","locations":[{"start":{"line":30,"column":23},"end":{"line":30,"column":37}},{"start":{"line":31,"column":20},"end":{"line":31,"column":61}},{"start":{"line":32,"column":20},"end":{"line":32,"column":70}},{"start":{"line":33,"column":20},"end":{"line":33,"column":26}}]},"3":{"line":37,"type":"cond-expr","locations":[{"start":{"line":38,"column":14},"end":{"line":38,"column":20}},{"start":{"line":39,"column":14},"end":{"line":39,"column":20}}]},"4":{"line":41,"type":"binary-expr","locations":[{"start":{"line":41,"column":16},"end":{"line":41,"column":44}},{"start":{"line":41,"column":48},"end":{"line":41,"column":53}}]},"5":{"line":45,"type":"if","locations":[{"start":{"line":45,"column":8},"end":{"line":45,"column":8}},{"start":{"line":45,"column":8},"end":{"line":45,"column":8}}]}},"code":["/* istanbul instrument in package npmtest_nodegit */","/*jslint","    bitwise: true,","    browser: true,","    maxerr: 8,","    maxlen: 96,","    node: true,","    nomen: true,","    regexp: true,","    stupid: true","*/","(function () {","    'use strict';","    var local;","","","","    // run shared js-env code - init-before","    (function () {","        // init local","        local = {};","        // init modeJs","        local.modeJs = (function () {","            try {","                return typeof navigator.userAgent === 'string' &&","                    typeof document.querySelector('body') === 'object' &&","                    typeof XMLHttpRequest.prototype.open === 'function' &&","                    'browser';","            } catch (errorCaughtBrowser) {","                return module.exports &&","                    typeof process.versions.node === 'string' &&","                    typeof require('http').createServer === 'function' &&","                    'node';","            }","        }());","        // init global","        local.global = local.modeJs === 'browser'","            ? window","            : global;","        // init utility2_rollup","        local = local.global.utility2_rollup || local;","        // init lib","        local.local = local.npmtest_nodegit = local;","        // init exports","        if (local.modeJs === 'browser') {","            local.global.utility2_npmtest_nodegit = local;","        } else {","            module.exports = local;","            module.exports.__dirname = __dirname;","            module.exports.module = module;","        }","    }());","}());",""],"l":{"12":2,"14":2,"19":2,"21":2,"23":2,"24":2,"25":2,"30":1,"37":2,"41":2,"43":2,"45":2,"46":1,"48":1,"49":1,"50":1}},"/home/travis/build/npmtest/node-npmtest-nodegit/example.js":{"path":"/home/travis/build/npmtest/node-npmtest-nodegit/example.js","s":{"1":2,"2":2,"3":2,"4":2,"5":2,"6":2,"7":2,"8":1,"9":2,"10":2,"11":2,"12":2,"13":1,"14":2,"15":2,"16":2,"17":2,"18":2,"19":0,"20":2,"21":1,"22":1,"23":1,"24":1,"25":1,"26":0,"27":0,"28":1,"29":1,"30":2,"31":0,"32":0,"33":0,"34":1,"35":2,"36":2,"37":3,"38":3,"39":3,"40":3,"41":0,"42":3,"43":3,"44":3,"45":1,"46":3,"47":1,"48":1,"49":1,"50":1,"51":1,"52":1,"53":1,"54":1,"55":1,"56":1,"57":0,"58":1,"59":6,"60":6,"61":1,"62":2,"63":0,"64":2,"65":1,"66":1,"67":0,"68":0,"69":0,"70":0,"71":0,"72":0,"73":0,"74":0,"75":0,"76":0,"77":0,"78":0,"79":0,"80":0,"81":0,"82":0,"83":0},"b":{"1":[2,1,1,1],"2":[1,1,1,1],"3":[1,1],"4":[2,2],"5":[1,1],"6":[1,1],"7":[2,0],"8":[2,1,1,1,1,1],"9":[0,2,0],"10":[1,1],"11":[2,1,1],"12":[1,0],"13":[0,2],"14":[2,0,0,0,0,0,0],"15":[0,3],"16":[3,0],"17":[1,1],"18":[0,1],"19":[1,2,0,2],"20":[1,0],"21":[1,1],"22":[0,0],"23":[0,0],"24":[0,0],"25":[0,0],"26":[0,0],"27":[0,0],"28":[0,0]},"f":{"1":2,"2":2,"3":2,"4":2,"5":2,"6":2,"7":3,"8":3,"9":3,"10":1,"11":6,"12":0},"fnMap":{"1":{"name":"(anonymous_1)","line":26,"loc":{"start":{"line":26,"column":1},"end":{"line":26,"column":13}}},"2":{"name":"(anonymous_2)","line":33,"loc":{"start":{"line":33,"column":5},"end":{"line":33,"column":17}}},"3":{"name":"(anonymous_3)","line":37,"loc":{"start":{"line":37,"column":24},"end":{"line":37,"column":36}}},"4":{"name":"(anonymous_4)","line":69,"loc":{"start":{"line":69,"column":31},"end":{"line":69,"column":48}},"skip":true},"5":{"name":"(anonymous_5)","line":78,"loc":{"start":{"line":78,"column":26},"end":{"line":78,"column":45}},"skip":true},"6":{"name":"(anonymous_6)","line":123,"loc":{"start":{"line":123,"column":33},"end":{"line":123,"column":48}},"skip":true},"7":{"name":"(anonymous_7)","line":125,"loc":{"start":{"line":125,"column":27},"end":{"line":125,"column":39}},"skip":true},"8":{"name":"(anonymous_8)","line":133,"loc":{"start":{"line":133,"column":59},"end":{"line":133,"column":74}},"skip":true},"9":{"name":"(anonymous_9)","line":143,"loc":{"start":{"line":143,"column":45},"end":{"line":143,"column":62}},"skip":true},"10":{"name":"(anonymous_10)","line":144,"loc":{"start":{"line":144,"column":73},"end":{"line":144,"column":92}},"skip":true},"11":{"name":"(anonymous_11)","line":272,"loc":{"start":{"line":272,"column":51},"end":{"line":272,"column":77}},"skip":true},"12":{"name":"(anonymous_12)","line":315,"loc":{"start":{"line":315,"column":32},"end":{"line":315,"column":61}},"skip":true}},"statementMap":{"1":{"start":{"line":26,"column":0},"end":{"line":326,"column":5}},"2":{"start":{"line":28,"column":4},"end":{"line":28,"column":14}},"3":{"start":{"line":33,"column":4},"end":{"line":60,"column":9}},"4":{"start":{"line":35,"column":8},"end":{"line":35,"column":19}},"5":{"start":{"line":37,"column":8},"end":{"line":49,"column":13}},"6":{"start":{"line":38,"column":12},"end":{"line":48,"column":13}},"7":{"start":{"line":39,"column":16},"end":{"line":42,"column":30}},"8":{"start":{"line":44,"column":16},"end":{"line":47,"column":27}},"9":{"start":{"line":51,"column":8},"end":{"line":53,"column":21}},"10":{"start":{"line":55,"column":8},"end":{"line":57,"column":45}},"11":{"start":{"line":59,"column":8},"end":{"line":59,"column":35}},"12":{"start":{"line":61,"column":4},"end":{"line":325,"column":5}},"13":{"start":{"line":69,"column":8},"end":{"line":121,"column":10},"skip":true},"14":{"start":{"line":70,"column":12},"end":{"line":88,"column":13},"skip":true},"15":{"start":{"line":76,"column":16},"end":{"line":87,"column":19},"skip":true},"16":{"start":{"line":79,"column":20},"end":{"line":86,"column":21},"skip":true},"17":{"start":{"line":82,"column":24},"end":{"line":82,"column":43},"skip":true},"18":{"start":{"line":83,"column":24},"end":{"line":83,"column":30},"skip":true},"19":{"start":{"line":85,"column":24},"end":{"line":85,"column":49},"skip":true},"20":{"start":{"line":89,"column":12},"end":{"line":107,"column":13},"skip":true},"21":{"start":{"line":92,"column":16},"end":{"line":102,"column":17},"skip":true},"22":{"start":{"line":93,"column":20},"end":{"line":93,"column":86},"skip":true},"23":{"start":{"line":94,"column":20},"end":{"line":95,"column":45},"skip":true},"24":{"start":{"line":96,"column":20},"end":{"line":96,"column":42},"skip":true},"25":{"start":{"line":97,"column":20},"end":{"line":97,"column":48},"skip":true},"26":{"start":{"line":100,"column":20},"end":{"line":100,"column":85},"skip":true},"27":{"start":{"line":101,"column":20},"end":{"line":101,"column":96},"skip":true},"28":{"start":{"line":103,"column":16},"end":{"line":103,"column":22},"skip":true},"29":{"start":{"line":106,"column":16},"end":{"line":106,"column":22},"skip":true},"30":{"start":{"line":108,"column":12},"end":{"line":120,"column":13},"skip":true},"31":{"start":{"line":114,"column":16},"end":{"line":119,"column":17},"skip":true},"32":{"start":{"line":116,"column":20},"end":{"line":116,"column":78},"skip":true},"33":{"start":{"line":118,"column":20},"end":{"line":118,"column":47},"skip":true},"34":{"start":{"line":123,"column":8},"end":{"line":141,"column":11},"skip":true},"35":{"start":{"line":124,"column":12},"end":{"line":124,"column":54},"skip":true},"36":{"start":{"line":125,"column":12},"end":{"line":140,"column":14},"skip":true},"37":{"start":{"line":126,"column":16},"end":{"line":126,"column":28},"skip":true},"38":{"start":{"line":127,"column":16},"end":{"line":127,"column":69},"skip":true},"39":{"start":{"line":128,"column":16},"end":{"line":128,"column":75},"skip":true},"40":{"start":{"line":129,"column":16},"end":{"line":131,"column":17},"skip":true},"41":{"start":{"line":130,"column":20},"end":{"line":130,"column":27},"skip":true},"42":{"start":{"line":133,"column":16},"end":{"line":137,"column":36},"skip":true},"43":{"start":{"line":134,"column":20},"end":{"line":136,"column":55},"skip":true},"44":{"start":{"line":139,"column":16},"end":{"line":139,"column":57},"skip":true},"45":{"start":{"line":143,"column":8},"end":{"line":147,"column":11},"skip":true},"46":{"start":{"line":144,"column":12},"end":{"line":146,"column":15},"skip":true},"47":{"start":{"line":145,"column":16},"end":{"line":145,"column":70},"skip":true},"48":{"start":{"line":149,"column":8},"end":{"line":149,"column":31},"skip":true},"49":{"start":{"line":150,"column":8},"end":{"line":150,"column":14},"skip":true},"50":{"start":{"line":158,"column":8},"end":{"line":158,"column":31},"skip":true},"51":{"start":{"line":160,"column":8},"end":{"line":160,"column":33},"skip":true},"52":{"start":{"line":161,"column":8},"end":{"line":161,"column":37},"skip":true},"53":{"start":{"line":162,"column":8},"end":{"line":162,"column":35},"skip":true},"54":{"start":{"line":164,"column":8},"end":{"line":164,"column":50},"skip":true},"55":{"start":{"line":166,"column":8},"end":{"line":256,"column":2},"skip":true},"56":{"start":{"line":258,"column":8},"end":{"line":286,"column":9},"skip":true},"57":{"start":{"line":259,"column":12},"end":{"line":269,"column":14},"skip":true},"58":{"start":{"line":271,"column":12},"end":{"line":285,"column":19},"skip":true},"59":{"start":{"line":274,"column":20},"end":{"line":274,"column":35},"skip":true},"60":{"start":{"line":275,"column":20},"end":{"line":284,"column":21},"skip":true},"61":{"start":{"line":277,"column":24},"end":{"line":277,"column":64},"skip":true},"62":{"start":{"line":279,"column":24},"end":{"line":279,"column":40},"skip":true},"63":{"start":{"line":281,"column":24},"end":{"line":281,"column":40},"skip":true},"64":{"start":{"line":283,"column":24},"end":{"line":283,"column":39},"skip":true},"65":{"start":{"line":288,"column":8},"end":{"line":290,"column":9},"skip":true},"66":{"start":{"line":289,"column":12},"end":{"line":289,"column":18},"skip":true},"67":{"start":{"line":291,"column":8},"end":{"line":293,"column":54},"skip":true},"68":{"start":{"line":296,"column":8},"end":{"line":301,"column":37},"skip":true},"69":{"start":{"line":303,"column":8},"end":{"line":303,"column":82},"skip":true},"70":{"start":{"line":306,"column":8},"end":{"line":308,"column":9},"skip":true},"71":{"start":{"line":307,"column":12},"end":{"line":307,"column":82},"skip":true},"72":{"start":{"line":310,"column":8},"end":{"line":312,"column":9},"skip":true},"73":{"start":{"line":311,"column":12},"end":{"line":311,"column":18},"skip":true},"74":{"start":{"line":313,"column":8},"end":{"line":313,"column":54},"skip":true},"75":{"start":{"line":314,"column":8},"end":{"line":314,"column":69},"skip":true},"76":{"start":{"line":315,"column":8},"end":{"line":323,"column":36},"skip":true},"77":{"start":{"line":316,"column":12},"end":{"line":316,"column":61},"skip":true},"78":{"start":{"line":317,"column":12},"end":{"line":320,"column":13},"skip":true},"79":{"start":{"line":318,"column":16},"end":{"line":318,"column":75},"skip":true},"80":{"start":{"line":319,"column":16},"end":{"line":319,"column":23},"skip":true},"81":{"start":{"line":321,"column":12},"end":{"line":321,"column":38},"skip":true},"82":{"start":{"line":322,"column":12},"end":{"line":322,"column":27},"skip":true},"83":{"start":{"line":324,"column":8},"end":{"line":324,"column":14},"skip":true}},"branchMap":{"1":{"line":39,"type":"binary-expr","locations":[{"start":{"line":39,"column":23},"end":{"line":39,"column":62}},{"start":{"line":40,"column":20},"end":{"line":40,"column":70}},{"start":{"line":41,"column":20},"end":{"line":41,"column":71}},{"start":{"line":42,"column":20},"end":{"line":42,"column":29}}]},"2":{"line":44,"type":"binary-expr","locations":[{"start":{"line":44,"column":23},"end":{"line":44,"column":37}},{"start":{"line":45,"column":20},"end":{"line":45,"column":61}},{"start":{"line":46,"column":20},"end":{"line":46,"column":70}},{"start":{"line":47,"column":20},"end":{"line":47,"column":26}}]},"3":{"line":51,"type":"cond-expr","locations":[{"start":{"line":52,"column":14},"end":{"line":52,"column":20}},{"start":{"line":53,"column":14},"end":{"line":53,"column":20}}]},"4":{"line":55,"type":"binary-expr","locations":[{"start":{"line":55,"column":16},"end":{"line":55,"column":44}},{"start":{"line":55,"column":49},"end":{"line":57,"column":43}}]},"5":{"line":55,"type":"cond-expr","locations":[{"start":{"line":56,"column":14},"end":{"line":56,"column":51}},{"start":{"line":57,"column":14},"end":{"line":57,"column":43}}]},"6":{"line":61,"type":"switch","locations":[{"start":{"line":68,"column":4},"end":{"line":150,"column":14},"skip":true},{"start":{"line":156,"column":4},"end":{"line":324,"column":14},"skip":true}]},"7":{"line":70,"type":"if","locations":[{"start":{"line":70,"column":12},"end":{"line":70,"column":12},"skip":true},{"start":{"line":70,"column":12},"end":{"line":70,"column":12},"skip":true}]},"8":{"line":70,"type":"binary-expr","locations":[{"start":{"line":70,"column":16},"end":{"line":70,"column":22},"skip":true},{"start":{"line":70,"column":27},"end":{"line":70,"column":32},"skip":true},{"start":{"line":71,"column":20},"end":{"line":71,"column":39},"skip":true},{"start":{"line":72,"column":20},"end":{"line":72,"column":49},"skip":true},{"start":{"line":73,"column":20},"end":{"line":73,"column":58},"skip":true},{"start":{"line":74,"column":20},"end":{"line":74,"column":69},"skip":true}]},"9":{"line":79,"type":"switch","locations":[{"start":{"line":80,"column":20},"end":{"line":80,"column":33},"skip":true},{"start":{"line":81,"column":20},"end":{"line":83,"column":30},"skip":true},{"start":{"line":84,"column":20},"end":{"line":85,"column":49},"skip":true}]},"10":{"line":89,"type":"switch","locations":[{"start":{"line":90,"column":12},"end":{"line":103,"column":22},"skip":true},{"start":{"line":105,"column":12},"end":{"line":106,"column":22},"skip":true}]},"11":{"line":89,"type":"binary-expr","locations":[{"start":{"line":89,"column":20},"end":{"line":89,"column":25},"skip":true},{"start":{"line":89,"column":29},"end":{"line":89,"column":48},"skip":true},{"start":{"line":89,"column":52},"end":{"line":89,"column":74},"skip":true}]},"12":{"line":92,"type":"if","locations":[{"start":{"line":92,"column":16},"end":{"line":92,"column":16},"skip":true},{"start":{"line":92,"column":16},"end":{"line":92,"column":16},"skip":true}]},"13":{"line":108,"type":"if","locations":[{"start":{"line":108,"column":12},"end":{"line":108,"column":12},"skip":true},{"start":{"line":108,"column":12},"end":{"line":108,"column":12},"skip":true}]},"14":{"line":108,"type":"binary-expr","locations":[{"start":{"line":108,"column":16},"end":{"line":108,"column":61},"skip":true},{"start":{"line":108,"column":66},"end":{"line":108,"column":72},"skip":true},{"start":{"line":108,"column":77},"end":{"line":108,"column":82},"skip":true},{"start":{"line":109,"column":20},"end":{"line":109,"column":39},"skip":true},{"start":{"line":110,"column":20},"end":{"line":110,"column":49},"skip":true},{"start":{"line":111,"column":20},"end":{"line":111,"column":58},"skip":true},{"start":{"line":112,"column":20},"end":{"line":112,"column":68},"skip":true}]},"15":{"line":129,"type":"if","locations":[{"start":{"line":129,"column":16},"end":{"line":129,"column":16},"skip":true},{"start":{"line":129,"column":16},"end":{"line":129,"column":16},"skip":true}]},"16":{"line":134,"type":"cond-expr","locations":[{"start":{"line":135,"column":26},"end":{"line":135,"column":29},"skip":true},{"start":{"line":136,"column":26},"end":{"line":136,"column":54},"skip":true}]},"17":{"line":164,"type":"binary-expr","locations":[{"start":{"line":164,"column":27},"end":{"line":164,"column":43},"skip":true},{"start":{"line":164,"column":47},"end":{"line":164,"column":49},"skip":true}]},"18":{"line":258,"type":"if","locations":[{"start":{"line":258,"column":8},"end":{"line":258,"column":8},"skip":true},{"start":{"line":258,"column":8},"end":{"line":258,"column":8},"skip":true}]},"19":{"line":275,"type":"switch","locations":[{"start":{"line":276,"column":20},"end":{"line":277,"column":64},"skip":true},{"start":{"line":278,"column":20},"end":{"line":279,"column":40},"skip":true},{"start":{"line":280,"column":20},"end":{"line":281,"column":40},"skip":true},{"start":{"line":282,"column":20},"end":{"line":283,"column":39},"skip":true}]},"20":{"line":288,"type":"if","locations":[{"start":{"line":288,"column":8},"end":{"line":288,"column":8},"skip":true},{"start":{"line":288,"column":8},"end":{"line":288,"column":8},"skip":true}]},"21":{"line":288,"type":"binary-expr","locations":[{"start":{"line":288,"column":12},"end":{"line":288,"column":40},"skip":true},{"start":{"line":288,"column":44},"end":{"line":288,"column":67},"skip":true}]},"22":{"line":292,"type":"binary-expr","locations":[{"start":{"line":292,"column":12},"end":{"line":292,"column":50},"skip":true},{"start":{"line":293,"column":12},"end":{"line":293,"column":53},"skip":true}]},"23":{"line":297,"type":"binary-expr","locations":[{"start":{"line":297,"column":12},"end":{"line":297,"column":65},"skip":true},{"start":{"line":298,"column":12},"end":{"line":301,"column":36},"skip":true}]},"24":{"line":303,"type":"binary-expr","locations":[{"start":{"line":303,"column":43},"end":{"line":303,"column":75},"skip":true},{"start":{"line":303,"column":79},"end":{"line":303,"column":81},"skip":true}]},"25":{"line":306,"type":"if","locations":[{"start":{"line":306,"column":8},"end":{"line":306,"column":8},"skip":true},{"start":{"line":306,"column":8},"end":{"line":306,"column":8},"skip":true}]},"26":{"line":310,"type":"if","locations":[{"start":{"line":310,"column":8},"end":{"line":310,"column":8},"skip":true},{"start":{"line":310,"column":8},"end":{"line":310,"column":8},"skip":true}]},"27":{"line":313,"type":"binary-expr","locations":[{"start":{"line":313,"column":27},"end":{"line":313,"column":43},"skip":true},{"start":{"line":313,"column":47},"end":{"line":313,"column":53},"skip":true}]},"28":{"line":317,"type":"if","locations":[{"start":{"line":317,"column":12},"end":{"line":317,"column":12},"skip":true},{"start":{"line":317,"column":12},"end":{"line":317,"column":12},"skip":true}]}},"code":["/*","example.js","","quickstart example","","instruction","    1. save this script as example.js","    2. run the shell command:","        $ npm install npmtest-nodegit && PORT=8081 node example.js","    3. play with the browser-demo on http://127.0.0.1:8081","*/","","","","/* istanbul instrument in package npmtest_nodegit */","/*jslint","    bitwise: true,","    browser: true,","    maxerr: 8,","    maxlen: 96,","    node: true,","    nomen: true,","    regexp: true,","    stupid: true","*/","(function () {","    'use strict';","    var local;","","","","    // run shared js-env code - init-before","    (function () {","        // init local","        local = {};","        // init modeJs","        local.modeJs = (function () {","            try {","                return typeof navigator.userAgent === 'string' &&","                    typeof document.querySelector('body') === 'object' &&","                    typeof XMLHttpRequest.prototype.open === 'function' &&","                    'browser';","            } catch (errorCaughtBrowser) {","                return module.exports &&","                    typeof process.versions.node === 'string' &&","                    typeof require('http').createServer === 'function' &&","                    'node';","            }","        }());","        // init global","        local.global = local.modeJs === 'browser'","            ? window","            : global;","        // init utility2_rollup","        local = local.global.utility2_rollup || (local.modeJs === 'browser'","            ? local.global.utility2_npmtest_nodegit","            : global.utility2_moduleExports);","        // export local","        local.global.local = local;","    }());","    switch (local.modeJs) {","","","","    // init-after","    // run browser js-env code - init-after","    /* istanbul ignore next */","    case 'browser':","        local.testRunBrowser = function (event) {","            if (!event || (event &&","                    event.currentTarget &&","                    event.currentTarget.className &&","                    event.currentTarget.className.includes &&","                    event.currentTarget.className.includes('onreset'))) {","                // reset output","                Array.from(","                    document.querySelectorAll('body > .resettable')","                ).forEach(function (element) {","                    switch (element.tagName) {","                    case 'INPUT':","                    case 'TEXTAREA':","                        element.value = '';","                        break;","                    default:","                        element.textContent = '';","                    }","                });","            }","            switch (event && event.currentTarget && event.currentTarget.id) {","            case 'testRunButton1':","                // show tests","                if (document.querySelector('#testReportDiv1').style.display === 'none') {","                    document.querySelector('#testReportDiv1').style.display = 'block';","                    document.querySelector('#testRunButton1').textContent =","                        'hide internal test';","                    local.modeTest = true;","                    local.testRunDefault(local);","                // hide tests","                } else {","                    document.querySelector('#testReportDiv1').style.display = 'none';","                    document.querySelector('#testRunButton1').textContent = 'run internal test';","                }","                break;","            // custom-case","            default:","                break;","            }","            if (document.querySelector('#inputTextareaEval1') && (!event || (event &&","                    event.currentTarget &&","                    event.currentTarget.className &&","                    event.currentTarget.className.includes &&","                    event.currentTarget.className.includes('oneval')))) {","                // try to eval input-code","                try {","                    /*jslint evil: true*/","                    eval(document.querySelector('#inputTextareaEval1').value);","                } catch (errorCaught) {","                    console.error(errorCaught);","                }","            }","        };","        // log stderr and stdout to #outputTextareaStdout1","        ['error', 'log'].forEach(function (key) {","            console[key + '_original'] = console[key];","            console[key] = function () {","                var element;","                console[key + '_original'].apply(console, arguments);","                element = document.querySelector('#outputTextareaStdout1');","                if (!element) {","                    return;","                }","                // append text to #outputTextareaStdout1","                element.value += Array.from(arguments).map(function (arg) {","                    return typeof arg === 'string'","                        ? arg","                        : JSON.stringify(arg, null, 4);","                }).join(' ') + '\\n';","                // scroll textarea to bottom","                element.scrollTop = element.scrollHeight;","            };","        });","        // init event-handling","        ['change', 'click', 'keyup'].forEach(function (event) {","            Array.from(document.querySelectorAll('.on' + event)).forEach(function (element) {","                element.addEventListener(event, local.testRunBrowser);","            });","        });","        // run tests","        local.testRunBrowser();","        break;","","","","    // run node js-env code - init-after","    /* istanbul ignore next */","    case 'node':","        // export local","        module.exports = local;","        // require modules","        local.fs = require('fs');","        local.http = require('http');","        local.url = require('url');","        // init assets","        local.assetsDict = local.assetsDict || {};","        /* jslint-ignore-begin */","        local.assetsDict['/assets.index.template.html'] = '\\","<!doctype html>\\n\\","<html lang=\"en\">\\n\\","<head>\\n\\","<meta charset=\"UTF-8\">\\n\\","<meta name=\"viewport\" content=\"width=device-width, initial-scale=1\">\\n\\","<title>{{env.npm_package_name}} (v{{env.npm_package_version}})</title>\\n\\","<style>\\n\\","/*csslint\\n\\","    box-sizing: false,\\n\\","    universal-selector: false\\n\\","*/\\n\\","* {\\n\\","    box-sizing: border-box;\\n\\","}\\n\\","body {\\n\\","    background: #dde;\\n\\","    font-family: Arial, Helvetica, sans-serif;\\n\\","    margin: 2rem;\\n\\","}\\n\\","body > * {\\n\\","    margin-bottom: 1rem;\\n\\","}\\n\\",".utility2FooterDiv {\\n\\","    margin-top: 20px;\\n\\","    text-align: center;\\n\\","}\\n\\","</style>\\n\\","<style>\\n\\","/*csslint\\n\\","*/\\n\\","textarea {\\n\\","    font-family: monospace;\\n\\","    height: 10rem;\\n\\","    width: 100%;\\n\\","}\\n\\","textarea[readonly] {\\n\\","    background: #ddd;\\n\\","}\\n\\","</style>\\n\\","</head>\\n\\","<body>\\n\\","<!-- utility2-comment\\n\\","<div id=\"ajaxProgressDiv1\" style=\"background: #d00; height: 2px; left: 0; margin: 0; padding: 0; position: fixed; top: 0; transition: background 0.5s, width 1.5s; width: 25%;\"></div>\\n\\","utility2-comment -->\\n\\","<h1>\\n\\","<!-- utility2-comment\\n\\","    <a\\n\\","        {{#if env.npm_package_homepage}}\\n\\","        href=\"{{env.npm_package_homepage}}\"\\n\\","        {{/if env.npm_package_homepage}}\\n\\","        target=\"_blank\"\\n\\","    >\\n\\","utility2-comment -->\\n\\","        {{env.npm_package_name}} (v{{env.npm_package_version}})\\n\\","<!-- utility2-comment\\n\\","    </a>\\n\\","utility2-comment -->\\n\\","</h1>\\n\\","<h3>{{env.npm_package_description}}</h3>\\n\\","<!-- utility2-comment\\n\\","<h4><a download href=\"assets.app.js\">download standalone app</a></h4>\\n\\","<button class=\"onclick onreset\" id=\"testRunButton1\">run internal test</button><br>\\n\\","<div id=\"testReportDiv1\" style=\"display: none;\"></div>\\n\\","utility2-comment -->\\n\\","\\n\\","\\n\\","\\n\\","<label>stderr and stdout</label>\\n\\","<textarea class=\"resettable\" id=\"outputTextareaStdout1\" readonly></textarea>\\n\\","<!-- utility2-comment\\n\\","{{#if isRollup}}\\n\\","<script src=\"assets.app.js\"></script>\\n\\","{{#unless isRollup}}\\n\\","utility2-comment -->\\n\\","<script src=\"assets.utility2.rollup.js\"></script>\\n\\","<script src=\"jsonp.utility2._stateInit?callback=window.utility2._stateInit\"></script>\\n\\","<script src=\"assets.npmtest_nodegit.rollup.js\"></script>\\n\\","<script src=\"assets.example.js\"></script>\\n\\","<script src=\"assets.test.js\"></script>\\n\\","<!-- utility2-comment\\n\\","{{/if isRollup}}\\n\\","utility2-comment -->\\n\\","<div class=\"utility2FooterDiv\">\\n\\","    [ this app was created with\\n\\","    <a href=\"https://github.com/kaizhu256/node-utility2\" target=\"_blank\">utility2</a>\\n\\","    ]\\n\\","</div>\\n\\","</body>\\n\\","</html>\\n\\","';","        /* jslint-ignore-end */","        if (local.templateRender) {","            local.assetsDict['/'] = local.templateRender(","                local.assetsDict['/assets.index.template.html'],","                {","                    env: local.objectSetDefault(local.env, {","                        npm_package_description: 'the greatest app in the world!',","                        npm_package_name: 'my-app',","                        npm_package_nameAlias: 'my_app',","                        npm_package_version: '0.0.1'","                    })","                }","            );","        } else {","            local.assetsDict['/'] = local.assetsDict['/assets.index.template.html']","                .replace((/\\{\\{env\\.(\\w+?)\\}\\}/g), function (match0, match1) {","                    // jslint-hack","                    String(match0);","                    switch (match1) {","                    case 'npm_package_description':","                        return 'the greatest app in the world!';","                    case 'npm_package_name':","                        return 'my-app';","                    case 'npm_package_nameAlias':","                        return 'my_app';","                    case 'npm_package_version':","                        return '0.0.1';","                    }","                });","        }","        // run the cli","        if (local.global.utility2_rollup || module !== require.main) {","            break;","        }","        local.assetsDict['/assets.example.js'] =","            local.assetsDict['/assets.example.js'] ||","            local.fs.readFileSync(__filename, 'utf8');","        // bug-workaround - long $npm_package_buildCustomOrg","        /* jslint-ignore-begin */","        local.assetsDict['/assets.npmtest_nodegit.rollup.js'] =","            local.assetsDict['/assets.npmtest_nodegit.rollup.js'] ||","            local.fs.readFileSync(","                local.npmtest_nodegit.__dirname + '/lib.npmtest_nodegit.js',","                'utf8'","            ).replace((/^#!/), '//');","        /* jslint-ignore-end */","        local.assetsDict['/favicon.ico'] = local.assetsDict['/favicon.ico'] || '';","        // if $npm_config_timeout_exit exists,","        // then exit this process after $npm_config_timeout_exit ms","        if (Number(process.env.npm_config_timeout_exit)) {","            setTimeout(process.exit, Number(process.env.npm_config_timeout_exit));","        }","        // start server","        if (local.global.utility2_serverHttp1) {","            break;","        }","        process.env.PORT = process.env.PORT || '8081';","        console.error('server starting on port ' + process.env.PORT);","        local.http.createServer(function (request, response) {","            request.urlParsed = local.url.parse(request.url);","            if (local.assetsDict[request.urlParsed.pathname] !== undefined) {","                response.end(local.assetsDict[request.urlParsed.pathname]);","                return;","            }","            response.statusCode = 404;","            response.end();","        }).listen(process.env.PORT);","        break;","    }","}());",""],"l":{"26":2,"28":2,"33":2,"35":2,"37":2,"38":2,"39":2,"44":1,"51":2,"55":2,"59":2,"61":2,"69":1,"70":2,"76":2,"79":2,"82":2,"83":2,"85":1,"89":2,"92":1,"93":1,"94":1,"96":1,"97":1,"100":1,"101":1,"103":1,"106":1,"108":2,"114":1,"116":1,"118":1,"123":1,"124":2,"125":2,"126":3,"127":3,"128":3,"129":3,"130":1,"133":3,"134":3,"139":3,"143":1,"144":3,"145":1,"149":1,"150":1,"158":1,"160":1,"161":1,"162":1,"164":1,"166":1,"258":1,"259":1,"271":1,"274":6,"275":6,"277":1,"279":2,"281":1,"283":2,"288":1,"289":1,"291":1,"296":1,"303":1,"306":1,"307":1,"310":1,"311":1,"313":1,"314":1,"315":1,"316":1,"317":1,"318":1,"319":1,"321":1,"322":1,"324":1}},"/home/travis/build/npmtest/node-npmtest-nodegit/node_modules/nodegit/dist/nodegit.js":{"path":"/home/travis/build/npmtest/node-npmtest-nodegit/node_modules/nodegit/dist/nodegit.js","s":{"1":2,"2":2,"3":2,"4":2,"5":2,"6":2,"7":0,"8":0,"9":0,"10":0,"11":0,"12":0,"13":0,"14":0,"15":0,"16":0,"17":0,"18":0,"19":0,"20":0,"21":0,"22":0,"23":0,"24":0,"25":0,"26":0,"27":0,"28":0,"29":0,"30":0,"31":0,"32":0,"33":0,"34":0,"35":0,"36":0,"37":0,"38":0,"39":0,"40":0,"41":0,"42":0,"43":0,"44":0,"45":0,"46":0,"47":0,"48":0,"49":0,"50":0,"51":0,"52":0,"53":0,"54":0,"55":0,"56":0,"57":0,"58":0,"59":0,"60":0,"61":0,"62":0,"63":0,"64":0,"65":0,"66":0,"67":0,"68":0,"69":0,"70":0,"71":0,"72":0,"73":0,"74":0,"75":0,"76":0,"77":0,"78":0,"79":0,"80":0,"81":0,"82":0,"83":0,"84":0,"85":0,"86":0,"87":0,"88":0,"89":0,"90":0,"91":0,"92":0,"93":0,"94":0,"95":0,"96":0,"97":0,"98":0,"99":0,"100":0,"101":0,"102":0,"103":0,"104":0,"105":0,"106":0,"107":0,"108":0,"109":0,"110":0,"111":0,"112":0,"113":0,"114":0,"115":0,"116":0,"117":0,"118":0,"119":0,"120":0,"121":0,"122":0,"123":0,"124":0,"125":0,"126":0,"127":0,"128":0,"129":0,"130":0,"131":0,"132":0,"133":0,"134":0,"135":0,"136":0,"137":0,"138":0,"139":0,"140":0,"141":0,"142":0,"143":0,"144":0,"145":0,"146":0,"147":0,"148":0,"149":0,"150":0,"151":0,"152":0,"153":0,"154":0,"155":0,"156":0,"157":0,"158":0,"159":0,"160":0,"161":0,"162":0,"163":0,"164":0,"165":0,"166":0,"167":0,"168":0,"169":0,"170":0,"171":0,"172":0,"173":0,"174":0,"175":0,"176":0,"177":0,"178":0,"179":0,"180":0,"181":0,"182":0,"183":0,"184":0,"185":0,"186":0,"187":0,"188":0,"189":0,"190":0,"191":0,"192":0,"193":0,"194":0,"195":0,"196":0,"197":0,"198":0,"199":0,"200":0,"201":0,"202":0,"203":0,"204":0,"205":0,"206":0,"207":0,"208":0,"209":0,"210":0,"211":0,"212":0,"213":0,"214":0,"215":0,"216":0,"217":0,"218":0,"219":0,"220":0,"221":0,"222":0,"223":0,"224":0,"225":0,"226":0,"227":0,"228":0,"229":0,"230":0,"231":0,"232":0,"233":0,"234":0,"235":0,"236":0,"237":0,"238":0,"239":0,"240":0,"241":0,"242":0,"243":0,"244":0,"245":0,"246":0,"247":0,"248":0,"249":0,"250":0,"251":0,"252":0,"253":0,"254":0,"255":0,"256":0,"257":0,"258":0,"259":0,"260":0,"261":0,"262":0,"263":0,"264":0,"265":0,"266":0,"267":0,"268":0,"269":0,"270":0,"271":0,"272":0,"273":0,"274":0,"275":0,"276":0,"277":0,"278":0,"279":0,"280":0,"281":0,"282":0,"283":0,"284":0,"285":0,"286":0,"287":0,"288":0,"289":0,"290":0,"291":0,"292":0,"293":0,"294":0,"295":0,"296":0,"297":0,"298":0,"299":0,"300":0,"301":0,"302":0,"303":0,"304":0,"305":0,"306":0,"307":0,"308":0,"309":0,"310":0,"311":0,"312":0,"313":0,"314":0,"315":0,"316":0,"317":0,"318":0,"319":0,"320":0,"321":0,"322":0,"323":0,"324":0,"325":0,"326":0,"327":0,"328":0,"329":0,"330":0,"331":0,"332":0,"333":0,"334":0,"335":0,"336":0,"337":0,"338":0,"339":0,"340":0,"341":0,"342":0,"343":0,"344":0,"345":0,"346":0,"347":0,"348":0,"349":0,"350":0,"351":0,"352":0,"353":0,"354":0,"355":0,"356":0,"357":0,"358":0,"359":0,"360":0,"361":0,"362":0,"363":0,"364":0,"365":0,"366":0,"367":0,"368":0,"369":0,"370":0,"371":0,"372":0,"373":0,"374":0,"375":0,"376":0,"377":0,"378":0,"379":0,"380":0,"381":0,"382":0,"383":0,"384":0,"385":0,"386":0,"387":0,"388":0,"389":0,"390":0,"391":0,"392":0,"393":0,"394":0,"395":0,"396":0,"397":0,"398":0,"399":0,"400":0,"401":0,"402":0,"403":0,"404":0,"405":0,"406":0,"407":0,"408":0,"409":0,"410":0,"411":0,"412":0,"413":0,"414":0,"415":0,"416":0,"417":0,"418":0,"419":0,"420":0,"421":0,"422":0,"423":0,"424":0,"425":0,"426":0,"427":0,"428":0,"429":0,"430":0,"431":0,"432":0,"433":0,"434":0,"435":0,"436":0,"437":0,"438":0,"439":0,"440":0,"441":0,"442":0,"443":0,"444":0,"445":0,"446":0,"447":0,"448":0,"449":0,"450":0,"451":0,"452":0,"453":0,"454":0,"455":0,"456":0,"457":0,"458":0,"459":0,"460":0,"461":0,"462":0,"463":0,"464":0,"465":0,"466":0,"467":0,"468":0,"469":0,"470":0,"471":0,"472":0,"473":0,"474":0,"475":0,"476":0,"477":0,"478":0,"479":0,"480":0,"481":0,"482":0,"483":0,"484":0,"485":0,"486":0,"487":0,"488":0,"489":0,"490":0,"491":0,"492":0,"493":0,"494":0,"495":0,"496":0,"497":0,"498":0,"499":0,"500":0,"501":0,"502":0,"503":0,"504":0,"505":0,"506":0,"507":0,"508":0,"509":0,"510":0,"511":0,"512":0,"513":0,"514":0,"515":0,"516":0,"517":0,"518":0,"519":0,"520":0,"521":0,"522":0,"523":0,"524":0,"525":0,"526":0,"527":0,"528":0,"529":0,"530":0,"531":0,"532":0,"533":0,"534":0,"535":0,"536":0,"537":0,"538":0,"539":0,"540":0,"541":0,"542":0,"543":0,"544":0,"545":0,"546":0,"547":0,"548":0,"549":0,"550":0,"551":0,"552":0,"553":0,"554":0,"555":0,"556":0,"557":0,"558":0,"559":0,"560":0,"561":0,"562":0,"563":0,"564":0,"565":0,"566":0,"567":0,"568":0,"569":0,"570":0,"571":0,"572":0,"573":0,"574":0,"575":0,"576":0,"577":0,"578":0,"579":0,"580":0,"581":0,"582":0,"583":0,"584":0,"585":0,"586":0,"587":0,"588":0,"589":0,"590":0,"591":0,"592":0,"593":0,"594":0,"595":0,"596":0,"597":0,"598":0,"599":0,"600":0,"601":0,"602":0,"603":0,"604":0,"605":0,"606":0,"607":0,"608":0,"609":0,"610":0,"611":0,"612":0,"613":0,"614":0,"615":0,"616":0,"617":0,"618":0,"619":0,"620":0,"621":0,"622":0,"623":0,"624":0,"625":0,"626":0,"627":0,"628":0,"629":0,"630":0,"631":0,"632":0,"633":0,"634":0,"635":0,"636":0,"637":0,"638":0,"639":0,"640":0,"641":0,"642":0,"643":0,"644":0,"645":0,"646":0,"647":0,"648":0,"649":0,"650":0,"651":0,"652":0,"653":0,"654":0,"655":0,"656":0},"b":{"1":[2,0],"2":[0,0]},"f":{"1":0},"fnMap":{"1":{"name":"importExtension","line":775,"loc":{"start":{"line":775,"column":22},"end":{"line":775,"column":53}}}},"statementMap":{"1":{"start":{"line":5,"column":0},"end":{"line":5,"column":42}},"2":{"start":{"line":6,"column":0},"end":{"line":6,"column":11}},"3":{"start":{"line":10,"column":0},"end":{"line":19,"column":1}},"4":{"start":{"line":11,"column":2},"end":{"line":11,"column":52}},"5":{"start":{"line":14,"column":2},"end":{"line":16,"column":3},"skip":true},"6":{"start":{"line":15,"column":4},"end":{"line":15,"column":13},"skip":true},"7":{"start":{"line":18,"column":2},"end":{"line":18,"column":50}},"8":{"start":{"line":24,"column":0},"end":{"line":24,"column":46}},"9":{"start":{"line":26,"column":0},"end":{"line":26,"column":68}},"10":{"start":{"line":27,"column":0},"end":{"line":27,"column":75}},"11":{"start":{"line":29,"column":0},"end":{"line":29,"column":56}},"12":{"start":{"line":30,"column":0},"end":{"line":30,"column":63}},"13":{"start":{"line":32,"column":0},"end":{"line":32,"column":64}},"14":{"start":{"line":33,"column":0},"end":{"line":33,"column":71}},"15":{"start":{"line":35,"column":0},"end":{"line":35,"column":54}},"16":{"start":{"line":36,"column":0},"end":{"line":36,"column":61}},"17":{"start":{"line":38,"column":0},"end":{"line":38,"column":24}},"18":{"start":{"line":40,"column":0},"end":{"line":40,"column":26}},"19":{"start":{"line":41,"column":0},"end":{"line":41,"column":33}},"20":{"start":{"line":43,"column":0},"end":{"line":43,"column":26}},"21":{"start":{"line":45,"column":0},"end":{"line":45,"column":44}},"22":{"start":{"line":46,"column":0},"end":{"line":46,"column":51}},"23":{"start":{"line":48,"column":0},"end":{"line":48,"column":30}},"24":{"start":{"line":49,"column":0},"end":{"line":49,"column":37}},"25":{"start":{"line":51,"column":0},"end":{"line":51,"column":24}},"26":{"start":{"line":53,"column":0},"end":{"line":53,"column":52}},"27":{"start":{"line":54,"column":0},"end":{"line":54,"column":59}},"28":{"start":{"line":56,"column":0},"end":{"line":56,"column":64}},"29":{"start":{"line":57,"column":0},"end":{"line":57,"column":71}},"30":{"start":{"line":59,"column":0},"end":{"line":59,"column":36}},"31":{"start":{"line":60,"column":0},"end":{"line":60,"column":43}},"32":{"start":{"line":62,"column":0},"end":{"line":62,"column":32}},"33":{"start":{"line":63,"column":0},"end":{"line":63,"column":39}},"34":{"start":{"line":65,"column":0},"end":{"line":65,"column":44}},"35":{"start":{"line":66,"column":0},"end":{"line":66,"column":51}},"36":{"start":{"line":68,"column":0},"end":{"line":68,"column":28}},"37":{"start":{"line":70,"column":0},"end":{"line":70,"column":36}},"38":{"start":{"line":71,"column":0},"end":{"line":71,"column":43}},"39":{"start":{"line":73,"column":0},"end":{"line":73,"column":62}},"40":{"start":{"line":74,"column":0},"end":{"line":74,"column":69}},"41":{"start":{"line":76,"column":0},"end":{"line":76,"column":46}},"42":{"start":{"line":77,"column":0},"end":{"line":77,"column":53}},"43":{"start":{"line":79,"column":0},"end":{"line":79,"column":36}},"44":{"start":{"line":80,"column":0},"end":{"line":80,"column":43}},"45":{"start":{"line":82,"column":0},"end":{"line":82,"column":32}},"46":{"start":{"line":83,"column":0},"end":{"line":83,"column":39}},"47":{"start":{"line":85,"column":0},"end":{"line":85,"column":32}},"48":{"start":{"line":86,"column":0},"end":{"line":86,"column":39}},"49":{"start":{"line":88,"column":0},"end":{"line":88,"column":46}},"50":{"start":{"line":89,"column":0},"end":{"line":89,"column":53}},"51":{"start":{"line":91,"column":0},"end":{"line":91,"column":40}},"52":{"start":{"line":92,"column":0},"end":{"line":92,"column":47}},"53":{"start":{"line":94,"column":0},"end":{"line":94,"column":22}},"54":{"start":{"line":96,"column":0},"end":{"line":96,"column":36}},"55":{"start":{"line":97,"column":0},"end":{"line":97,"column":43}},"56":{"start":{"line":99,"column":0},"end":{"line":99,"column":34}},"57":{"start":{"line":100,"column":0},"end":{"line":100,"column":41}},"58":{"start":{"line":102,"column":0},"end":{"line":102,"column":32}},"59":{"start":{"line":104,"column":0},"end":{"line":104,"column":36}},"60":{"start":{"line":105,"column":0},"end":{"line":105,"column":43}},"61":{"start":{"line":107,"column":0},"end":{"line":107,"column":38}},"62":{"start":{"line":108,"column":0},"end":{"line":108,"column":45}},"63":{"start":{"line":110,"column":0},"end":{"line":110,"column":36}},"64":{"start":{"line":111,"column":0},"end":{"line":111,"column":43}},"65":{"start":{"line":113,"column":0},"end":{"line":113,"column":36}},"66":{"start":{"line":115,"column":0},"end":{"line":115,"column":52}},"67":{"start":{"line":116,"column":0},"end":{"line":116,"column":59}},"68":{"start":{"line":118,"column":0},"end":{"line":118,"column":44}},"69":{"start":{"line":119,"column":0},"end":{"line":119,"column":51}},"70":{"start":{"line":121,"column":0},"end":{"line":121,"column":26}},"71":{"start":{"line":123,"column":0},"end":{"line":123,"column":32}},"72":{"start":{"line":124,"column":0},"end":{"line":124,"column":39}},"73":{"start":{"line":126,"column":0},"end":{"line":126,"column":28}},"74":{"start":{"line":128,"column":0},"end":{"line":128,"column":36}},"75":{"start":{"line":129,"column":0},"end":{"line":129,"column":43}},"76":{"start":{"line":131,"column":0},"end":{"line":131,"column":62}},"77":{"start":{"line":132,"column":0},"end":{"line":132,"column":69}},"78":{"start":{"line":134,"column":0},"end":{"line":134,"column":40}},"79":{"start":{"line":135,"column":0},"end":{"line":135,"column":47}},"80":{"start":{"line":137,"column":0},"end":{"line":137,"column":56}},"81":{"start":{"line":138,"column":0},"end":{"line":138,"column":63}},"82":{"start":{"line":140,"column":0},"end":{"line":140,"column":36}},"83":{"start":{"line":141,"column":0},"end":{"line":141,"column":43}},"84":{"start":{"line":143,"column":0},"end":{"line":143,"column":48}},"85":{"start":{"line":144,"column":0},"end":{"line":144,"column":55}},"86":{"start":{"line":146,"column":0},"end":{"line":146,"column":62}},"87":{"start":{"line":147,"column":0},"end":{"line":147,"column":69}},"88":{"start":{"line":149,"column":0},"end":{"line":149,"column":46}},"89":{"start":{"line":150,"column":0},"end":{"line":150,"column":53}},"90":{"start":{"line":152,"column":0},"end":{"line":152,"column":28}},"91":{"start":{"line":154,"column":0},"end":{"line":154,"column":54}},"92":{"start":{"line":155,"column":0},"end":{"line":155,"column":61}},"93":{"start":{"line":157,"column":0},"end":{"line":157,"column":58}},"94":{"start":{"line":158,"column":0},"end":{"line":158,"column":65}},"95":{"start":{"line":160,"column":0},"end":{"line":160,"column":46}},"96":{"start":{"line":161,"column":0},"end":{"line":161,"column":53}},"97":{"start":{"line":163,"column":0},"end":{"line":163,"column":52}},"98":{"start":{"line":164,"column":0},"end":{"line":164,"column":59}},"99":{"start":{"line":166,"column":0},"end":{"line":166,"column":50}},"100":{"start":{"line":167,"column":0},"end":{"line":167,"column":57}},"101":{"start":{"line":169,"column":0},"end":{"line":169,"column":24}},"102":{"start":{"line":171,"column":0},"end":{"line":171,"column":50}},"103":{"start":{"line":172,"column":0},"end":{"line":172,"column":57}},"104":{"start":{"line":174,"column":0},"end":{"line":174,"column":42}},"105":{"start":{"line":175,"column":0},"end":{"line":175,"column":49}},"106":{"start":{"line":177,"column":0},"end":{"line":177,"column":24}},"107":{"start":{"line":179,"column":0},"end":{"line":179,"column":44}},"108":{"start":{"line":180,"column":0},"end":{"line":180,"column":51}},"109":{"start":{"line":182,"column":0},"end":{"line":182,"column":52}},"110":{"start":{"line":183,"column":0},"end":{"line":183,"column":59}},"111":{"start":{"line":185,"column":0},"end":{"line":185,"column":40}},"112":{"start":{"line":186,"column":0},"end":{"line":186,"column":47}},"113":{"start":{"line":188,"column":0},"end":{"line":188,"column":52}},"114":{"start":{"line":189,"column":0},"end":{"line":189,"column":59}},"115":{"start":{"line":191,"column":0},"end":{"line":191,"column":44}},"116":{"start":{"line":192,"column":0},"end":{"line":192,"column":51}},"117":{"start":{"line":194,"column":0},"end":{"line":194,"column":48}},"118":{"start":{"line":195,"column":0},"end":{"line":195,"column":55}},"119":{"start":{"line":197,"column":0},"end":{"line":197,"column":40}},"120":{"start":{"line":198,"column":0},"end":{"line":198,"column":47}},"121":{"start":{"line":200,"column":0},"end":{"line":200,"column":40}},"122":{"start":{"line":201,"column":0},"end":{"line":201,"column":47}},"123":{"start":{"line":203,"column":0},"end":{"line":203,"column":42}},"124":{"start":{"line":204,"column":0},"end":{"line":204,"column":49}},"125":{"start":{"line":206,"column":0},"end":{"line":206,"column":40}},"126":{"start":{"line":207,"column":0},"end":{"line":207,"column":47}},"127":{"start":{"line":209,"column":0},"end":{"line":209,"column":46}},"128":{"start":{"line":210,"column":0},"end":{"line":210,"column":53}},"129":{"start":{"line":212,"column":0},"end":{"line":212,"column":64}},"130":{"start":{"line":213,"column":0},"end":{"line":213,"column":71}},"131":{"start":{"line":215,"column":0},"end":{"line":215,"column":26}},"132":{"start":{"line":216,"column":0},"end":{"line":216,"column":28}},"133":{"start":{"line":218,"column":0},"end":{"line":218,"column":38}},"134":{"start":{"line":219,"column":0},"end":{"line":219,"column":45}},"135":{"start":{"line":221,"column":0},"end":{"line":221,"column":28}},"136":{"start":{"line":222,"column":0},"end":{"line":222,"column":26}},"137":{"start":{"line":224,"column":0},"end":{"line":224,"column":44}},"138":{"start":{"line":225,"column":0},"end":{"line":225,"column":51}},"139":{"start":{"line":227,"column":0},"end":{"line":227,"column":46}},"140":{"start":{"line":228,"column":0},"end":{"line":228,"column":53}},"141":{"start":{"line":230,"column":0},"end":{"line":230,"column":30}},"142":{"start":{"line":232,"column":0},"end":{"line":232,"column":38}},"143":{"start":{"line":233,"column":0},"end":{"line":233,"column":45}},"144":{"start":{"line":235,"column":0},"end":{"line":235,"column":54}},"145":{"start":{"line":236,"column":0},"end":{"line":236,"column":61}},"146":{"start":{"line":238,"column":0},"end":{"line":238,"column":28}},"147":{"start":{"line":240,"column":0},"end":{"line":240,"column":50}},"148":{"start":{"line":241,"column":0},"end":{"line":241,"column":57}},"149":{"start":{"line":243,"column":0},"end":{"line":243,"column":26}},"150":{"start":{"line":245,"column":0},"end":{"line":245,"column":38}},"151":{"start":{"line":246,"column":0},"end":{"line":246,"column":45}},"152":{"start":{"line":248,"column":0},"end":{"line":248,"column":44}},"153":{"start":{"line":249,"column":0},"end":{"line":249,"column":51}},"154":{"start":{"line":251,"column":0},"end":{"line":251,"column":50}},"155":{"start":{"line":252,"column":0},"end":{"line":252,"column":57}},"156":{"start":{"line":254,"column":0},"end":{"line":254,"column":42}},"157":{"start":{"line":255,"column":0},"end":{"line":255,"column":49}},"158":{"start":{"line":257,"column":0},"end":{"line":257,"column":54}},"159":{"start":{"line":258,"column":0},"end":{"line":258,"column":61}},"160":{"start":{"line":260,"column":0},"end":{"line":260,"column":62}},"161":{"start":{"line":261,"column":0},"end":{"line":261,"column":69}},"162":{"start":{"line":263,"column":0},"end":{"line":263,"column":54}},"163":{"start":{"line":264,"column":0},"end":{"line":264,"column":61}},"164":{"start":{"line":266,"column":0},"end":{"line":266,"column":60}},"165":{"start":{"line":267,"column":0},"end":{"line":267,"column":67}},"166":{"start":{"line":269,"column":0},"end":{"line":269,"column":30}},"167":{"start":{"line":270,"column":0},"end":{"line":270,"column":37}},"168":{"start":{"line":272,"column":0},"end":{"line":272,"column":40}},"169":{"start":{"line":273,"column":0},"end":{"line":273,"column":47}},"170":{"start":{"line":275,"column":0},"end":{"line":275,"column":48}},"171":{"start":{"line":276,"column":0},"end":{"line":276,"column":55}},"172":{"start":{"line":278,"column":0},"end":{"line":278,"column":44}},"173":{"start":{"line":279,"column":0},"end":{"line":279,"column":51}},"174":{"start":{"line":281,"column":0},"end":{"line":281,"column":50}},"175":{"start":{"line":282,"column":0},"end":{"line":282,"column":57}},"176":{"start":{"line":284,"column":0},"end":{"line":284,"column":56}},"177":{"start":{"line":285,"column":0},"end":{"line":285,"column":63}},"178":{"start":{"line":287,"column":0},"end":{"line":287,"column":62}},"179":{"start":{"line":288,"column":0},"end":{"line":288,"column":69}},"180":{"start":{"line":290,"column":0},"end":{"line":290,"column":50}},"181":{"start":{"line":291,"column":0},"end":{"line":291,"column":57}},"182":{"start":{"line":293,"column":0},"end":{"line":293,"column":42}},"183":{"start":{"line":294,"column":0},"end":{"line":294,"column":49}},"184":{"start":{"line":296,"column":0},"end":{"line":296,"column":50}},"185":{"start":{"line":297,"column":0},"end":{"line":297,"column":57}},"186":{"start":{"line":299,"column":0},"end":{"line":299,"column":54}},"187":{"start":{"line":300,"column":0},"end":{"line":300,"column":61}},"188":{"start":{"line":302,"column":0},"end":{"line":302,"column":30}},"189":{"start":{"line":303,"column":0},"end":{"line":303,"column":30}},"190":{"start":{"line":304,"column":0},"end":{"line":304,"column":26}},"191":{"start":{"line":306,"column":0},"end":{"line":306,"column":30}},"192":{"start":{"line":307,"column":0},"end":{"line":307,"column":37}},"193":{"start":{"line":309,"column":0},"end":{"line":309,"column":32}},"194":{"start":{"line":310,"column":0},"end":{"line":310,"column":39}},"195":{"start":{"line":312,"column":0},"end":{"line":312,"column":36}},"196":{"start":{"line":313,"column":0},"end":{"line":313,"column":43}},"197":{"start":{"line":315,"column":0},"end":{"line":315,"column":32}},"198":{"start":{"line":316,"column":0},"end":{"line":316,"column":39}},"199":{"start":{"line":318,"column":0},"end":{"line":318,"column":24}},"200":{"start":{"line":320,"column":0},"end":{"line":320,"column":32}},"201":{"start":{"line":321,"column":0},"end":{"line":321,"column":39}},"202":{"start":{"line":323,"column":0},"end":{"line":323,"column":34}},"203":{"start":{"line":324,"column":0},"end":{"line":324,"column":41}},"204":{"start":{"line":326,"column":0},"end":{"line":326,"column":42}},"205":{"start":{"line":327,"column":0},"end":{"line":327,"column":49}},"206":{"start":{"line":329,"column":0},"end":{"line":329,"column":28}},"207":{"start":{"line":330,"column":0},"end":{"line":330,"column":35}},"208":{"start":{"line":332,"column":0},"end":{"line":332,"column":32}},"209":{"start":{"line":333,"column":0},"end":{"line":333,"column":39}},"210":{"start":{"line":335,"column":0},"end":{"line":335,"column":28}},"211":{"start":{"line":337,"column":0},"end":{"line":337,"column":40}},"212":{"start":{"line":338,"column":0},"end":{"line":338,"column":47}},"213":{"start":{"line":340,"column":0},"end":{"line":340,"column":36}},"214":{"start":{"line":341,"column":0},"end":{"line":341,"column":43}},"215":{"start":{"line":343,"column":0},"end":{"line":343,"column":58}},"216":{"start":{"line":344,"column":0},"end":{"line":344,"column":65}},"217":{"start":{"line":346,"column":0},"end":{"line":346,"column":48}},"218":{"start":{"line":347,"column":0},"end":{"line":347,"column":55}},"219":{"start":{"line":349,"column":0},"end":{"line":349,"column":42}},"220":{"start":{"line":350,"column":0},"end":{"line":350,"column":49}},"221":{"start":{"line":352,"column":0},"end":{"line":352,"column":48}},"222":{"start":{"line":353,"column":0},"end":{"line":353,"column":55}},"223":{"start":{"line":355,"column":0},"end":{"line":355,"column":22}},"224":{"start":{"line":357,"column":0},"end":{"line":357,"column":26}},"225":{"start":{"line":358,"column":0},"end":{"line":358,"column":33}},"226":{"start":{"line":360,"column":0},"end":{"line":360,"column":36}},"227":{"start":{"line":361,"column":0},"end":{"line":361,"column":43}},"228":{"start":{"line":363,"column":0},"end":{"line":363,"column":38}},"229":{"start":{"line":364,"column":0},"end":{"line":364,"column":45}},"230":{"start":{"line":366,"column":0},"end":{"line":366,"column":34}},"231":{"start":{"line":368,"column":0},"end":{"line":368,"column":46}},"232":{"start":{"line":369,"column":0},"end":{"line":369,"column":53}},"233":{"start":{"line":371,"column":0},"end":{"line":371,"column":22}},"234":{"start":{"line":372,"column":0},"end":{"line":372,"column":32}},"235":{"start":{"line":373,"column":0},"end":{"line":373,"column":30}},"236":{"start":{"line":374,"column":0},"end":{"line":374,"column":38}},"237":{"start":{"line":375,"column":0},"end":{"line":375,"column":26}},"238":{"start":{"line":377,"column":0},"end":{"line":377,"column":56}},"239":{"start":{"line":378,"column":0},"end":{"line":378,"column":63}},"240":{"start":{"line":380,"column":0},"end":{"line":380,"column":40}},"241":{"start":{"line":381,"column":0},"end":{"line":381,"column":47}},"242":{"start":{"line":383,"column":0},"end":{"line":383,"column":38}},"243":{"start":{"line":384,"column":0},"end":{"line":384,"column":45}},"244":{"start":{"line":386,"column":0},"end":{"line":386,"column":46}},"245":{"start":{"line":387,"column":0},"end":{"line":387,"column":53}},"246":{"start":{"line":389,"column":0},"end":{"line":389,"column":58}},"247":{"start":{"line":390,"column":0},"end":{"line":390,"column":65}},"248":{"start":{"line":392,"column":0},"end":{"line":392,"column":58}},"249":{"start":{"line":393,"column":0},"end":{"line":393,"column":65}},"250":{"start":{"line":395,"column":0},"end":{"line":395,"column":32}},"251":{"start":{"line":397,"column":0},"end":{"line":397,"column":56}},"252":{"start":{"line":398,"column":0},"end":{"line":398,"column":63}},"253":{"start":{"line":400,"column":0},"end":{"line":400,"column":58}},"254":{"start":{"line":401,"column":0},"end":{"line":401,"column":65}},"255":{"start":{"line":403,"column":0},"end":{"line":403,"column":56}},"256":{"start":{"line":404,"column":0},"end":{"line":404,"column":63}},"257":{"start":{"line":406,"column":0},"end":{"line":406,"column":62}},"258":{"start":{"line":407,"column":0},"end":{"line":407,"column":69}},"259":{"start":{"line":409,"column":0},"end":{"line":409,"column":26}},"260":{"start":{"line":410,"column":0},"end":{"line":410,"column":24}},"261":{"start":{"line":411,"column":0},"end":{"line":411,"column":28}},"262":{"start":{"line":413,"column":0},"end":{"line":413,"column":32}},"263":{"start":{"line":414,"column":0},"end":{"line":414,"column":39}},"264":{"start":{"line":416,"column":0},"end":{"line":416,"column":42}},"265":{"start":{"line":417,"column":0},"end":{"line":417,"column":49}},"266":{"start":{"line":419,"column":0},"end":{"line":419,"column":32}},"267":{"start":{"line":420,"column":0},"end":{"line":420,"column":39}},"268":{"start":{"line":422,"column":0},"end":{"line":422,"column":26}},"269":{"start":{"line":424,"column":0},"end":{"line":424,"column":30}},"270":{"start":{"line":425,"column":0},"end":{"line":425,"column":37}},"271":{"start":{"line":427,"column":0},"end":{"line":427,"column":34}},"272":{"start":{"line":429,"column":0},"end":{"line":429,"column":42}},"273":{"start":{"line":430,"column":0},"end":{"line":430,"column":49}},"274":{"start":{"line":432,"column":0},"end":{"line":432,"column":58}},"275":{"start":{"line":433,"column":0},"end":{"line":433,"column":65}},"276":{"start":{"line":435,"column":0},"end":{"line":435,"column":46}},"277":{"start":{"line":436,"column":0},"end":{"line":436,"column":53}},"278":{"start":{"line":438,"column":0},"end":{"line":438,"column":38}},"279":{"start":{"line":439,"column":0},"end":{"line":439,"column":45}},"280":{"start":{"line":441,"column":0},"end":{"line":441,"column":38}},"281":{"start":{"line":442,"column":0},"end":{"line":442,"column":45}},"282":{"start":{"line":444,"column":0},"end":{"line":444,"column":42}},"283":{"start":{"line":445,"column":0},"end":{"line":445,"column":49}},"284":{"start":{"line":447,"column":0},"end":{"line":447,"column":46}},"285":{"start":{"line":448,"column":0},"end":{"line":448,"column":53}},"286":{"start":{"line":450,"column":0},"end":{"line":450,"column":48}},"287":{"start":{"line":451,"column":0},"end":{"line":451,"column":55}},"288":{"start":{"line":453,"column":0},"end":{"line":453,"column":52}},"289":{"start":{"line":454,"column":0},"end":{"line":454,"column":59}},"290":{"start":{"line":456,"column":0},"end":{"line":456,"column":54}},"291":{"start":{"line":457,"column":0},"end":{"line":457,"column":61}},"292":{"start":{"line":459,"column":0},"end":{"line":459,"column":58}},"293":{"start":{"line":460,"column":0},"end":{"line":460,"column":65}},"294":{"start":{"line":462,"column":0},"end":{"line":462,"column":58}},"295":{"start":{"line":463,"column":0},"end":{"line":463,"column":65}},"296":{"start":{"line":465,"column":0},"end":{"line":465,"column":74}},"297":{"start":{"line":466,"column":0},"end":{"line":466,"column":81}},"298":{"start":{"line":468,"column":0},"end":{"line":468,"column":74}},"299":{"start":{"line":469,"column":0},"end":{"line":469,"column":81}},"300":{"start":{"line":471,"column":0},"end":{"line":471,"column":28}},"301":{"start":{"line":473,"column":0},"end":{"line":473,"column":32}},"302":{"start":{"line":474,"column":0},"end":{"line":474,"column":39}},"303":{"start":{"line":476,"column":0},"end":{"line":476,"column":38}},"304":{"start":{"line":477,"column":0},"end":{"line":477,"column":30}},"305":{"start":{"line":478,"column":0},"end":{"line":478,"column":28}},"306":{"start":{"line":480,"column":0},"end":{"line":480,"column":48}},"307":{"start":{"line":481,"column":0},"end":{"line":481,"column":55}},"308":{"start":{"line":483,"column":0},"end":{"line":483,"column":36}},"309":{"start":{"line":484,"column":0},"end":{"line":484,"column":43}},"310":{"start":{"line":486,"column":0},"end":{"line":486,"column":54}},"311":{"start":{"line":487,"column":0},"end":{"line":487,"column":61}},"312":{"start":{"line":489,"column":0},"end":{"line":489,"column":62}},"313":{"start":{"line":490,"column":0},"end":{"line":490,"column":69}},"314":{"start":{"line":492,"column":0},"end":{"line":492,"column":60}},"315":{"start":{"line":493,"column":0},"end":{"line":493,"column":67}},"316":{"start":{"line":495,"column":0},"end":{"line":495,"column":36}},"317":{"start":{"line":496,"column":0},"end":{"line":496,"column":43}},"318":{"start":{"line":498,"column":0},"end":{"line":498,"column":54}},"319":{"start":{"line":499,"column":0},"end":{"line":499,"column":61}},"320":{"start":{"line":501,"column":0},"end":{"line":501,"column":50}},"321":{"start":{"line":502,"column":0},"end":{"line":502,"column":57}},"322":{"start":{"line":504,"column":0},"end":{"line":504,"column":40}},"323":{"start":{"line":505,"column":0},"end":{"line":505,"column":47}},"324":{"start":{"line":507,"column":0},"end":{"line":507,"column":44}},"325":{"start":{"line":508,"column":0},"end":{"line":508,"column":51}},"326":{"start":{"line":510,"column":0},"end":{"line":510,"column":66}},"327":{"start":{"line":511,"column":0},"end":{"line":511,"column":73}},"328":{"start":{"line":513,"column":0},"end":{"line":513,"column":64}},"329":{"start":{"line":514,"column":0},"end":{"line":514,"column":71}},"330":{"start":{"line":516,"column":0},"end":{"line":516,"column":32}},"331":{"start":{"line":517,"column":0},"end":{"line":517,"column":39}},"332":{"start":{"line":519,"column":0},"end":{"line":519,"column":36}},"333":{"start":{"line":520,"column":0},"end":{"line":520,"column":43}},"334":{"start":{"line":522,"column":0},"end":{"line":522,"column":42}},"335":{"start":{"line":523,"column":0},"end":{"line":523,"column":49}},"336":{"start":{"line":525,"column":0},"end":{"line":525,"column":60}},"337":{"start":{"line":526,"column":0},"end":{"line":526,"column":67}},"338":{"start":{"line":528,"column":0},"end":{"line":528,"column":36}},"339":{"start":{"line":530,"column":0},"end":{"line":530,"column":54}},"340":{"start":{"line":531,"column":0},"end":{"line":531,"column":61}},"341":{"start":{"line":533,"column":0},"end":{"line":533,"column":70}},"342":{"start":{"line":534,"column":0},"end":{"line":534,"column":77}},"343":{"start":{"line":536,"column":0},"end":{"line":536,"column":48}},"344":{"start":{"line":537,"column":0},"end":{"line":537,"column":55}},"345":{"start":{"line":539,"column":0},"end":{"line":539,"column":74}},"346":{"start":{"line":540,"column":0},"end":{"line":540,"column":81}},"347":{"start":{"line":542,"column":0},"end":{"line":542,"column":50}},"348":{"start":{"line":543,"column":0},"end":{"lin
[...]
"loc":{"start":{"line":8,"column":34},"end":{"line":8,"column":56}}}},"statementMap":{"1":{"start":{"line":1,"column":0},"end":{"line":1,"column":34}},"2":{"start":{"line":6,"column":0},"end":{"line":17,"column":2}},"3":{"start":{"line":7,"column":2},"end":{"line":16,"column":5}},"4":{"start":{"line":8,"column":4},"end":{"line":15,"column":7}},"5":{"start":{"line":9,"column":6},"end":{"line":14,"column":7}},"6":{"start":{"line":10,"column":8},"end":{"line":10,"column":20}},"7":{"start":{"line":13,"column":8},"end":{"line":13,"column":24}}},"branchMap":{"1":{"line":9,"type":"if","locations":[{"start":{"line":9,"column":6},"end":{"line":9,"column":6}},{"start":{"line":9,"column":6},"end":{"line":9,"column":6}}]}},"code":["var cp = require('child_process');","","// We have to manually promisify this because at this is required in lifecycle","// methods and we are not guaranteed that any 3rd party packages are installed","// at this point","module.exports = function(command, opts) {","  return new Promise(function(resolve, reject) {","    return cp.exec(command, opts, function(err, result) {","      if (err) {","        reject(err);","      }","      else {","        resolve(result);","      }","    });","  });","};",""],"l":{"1":1,"6":1,"7":0,"8":0,"9":0,"10":0,"13":0}},"/home/travis/build/npmtest/node-npmtest-nodegit/node_modules/nodegit/lifecycleScripts/preinstall.js":{"path":"/home/travis/build/npmtest/node-npmtest-nodegit/node_modules/nodegit/lifecycleScripts/preinstall.js","s":{"1":1,"2":1,"3":1,"4":1,"5":1,"6":1,"7":0,"8":0,"9":0,"10":0,"11":0,"12":0,"13":0,"14":0,"15":0,"16":0,"17":0,"18":0,"19":1,"20":0,"21":0,"22":0,"23":0},"b":{"1":[0,0],"2":[0,0],"3":[0,1]},"f":{"1":0,"2":0,"3":0,"4":0,"5":0,"6":0},"fnMap":{"1":{"name":"prepareForBuild","line":8,"loc":{"start":{"line":8,"column":17},"end":{"line":8,"column":44}}},"2":{"name":"(anonymous_2)","line":12,"loc":{"start":{"line":12,"column":10},"end":{"line":12,"column":31}}},"3":{"name":"(anonymous_3)","line":20,"loc":{"start":{"line":20,"column":10},"end":{"line":20,"column":21}}},"4":{"name":"(anonymous_4)","line":23,"loc":{"start":{"line":23,"column":10},"end":{"line":23,"column":21}}},"5":{"name":"(anonymous_5)","line":28,"loc":{"start":{"line":28,"column":16},"end":{"line":28,"column":27}}},"6":{"name":"(anonymous_6)","line":38,"loc":{"start":{"line":38,"column":11},"end":{"line":38,"column":23}}}},"statementMap":{"1":{"start":{"line":1,"column":0},"end":{"line":1,"column":27}},"2":{"start":{"line":2,"column":0},"end":{"line":2,"column":44}},"3":{"start":{"line":4,"column":0},"end":{"line":4,"column":50}},"4":{"start":{"line":5,"column":0},"end":{"line":5,"column":51}},"5":{"start":{"line":6,"column":0},"end":{"line":6,"column":55}},"6":{"start":{"line":8,"column":0},"end":{"line":33,"column":2}},"7":{"start":{"line":9,"column":2},"end":{"line":9,"column":54}},"8":{"start":{"line":11,"column":2},"end":{"line":32,"column":7}},"9":{"start":{"line":13,"column":6},"end":{"line":16,"column":7}},"10":{"start":{"line":14,"column":8},"end":{"line":14,"column":80}},"11":{"start":{"line":15,"column":8},"end":{"line":15,"column":52}},"12":{"start":{"line":18,"column":6},"end":{"line":18,"column":31}},"13":{"start":{"line":21,"column":6},"end":{"line":21,"column":25}},"14":{"start":{"line":24,"column":6},"end":{"line":31,"column":7}},"15":{"start":{"line":25,"column":8},"end":{"line":25,"column":54}},"16":{"start":{"line":26,"column":8},"end":{"line":26,"column":53}},"17":{"start":{"line":27,"column":8},"end":{"line":30,"column":13}},"18":{"start":{"line":29,"column":12},"end":{"line":29,"column":30}},"19":{"start":{"line":36,"column":0},"end":{"line":43,"column":1}},"20":{"start":{"line":37,"column":2},"end":{"line":42,"column":7}},"21":{"start":{"line":39,"column":6},"end":{"line":39,"column":69}},"22":{"start":{"line":40,"column":6},"end":{"line":40,"column":23}},"23":{"start":{"line":41,"column":6},"end":{"line":41,"column":22}}},"branchMap":{"1":{"line":13,"type":"if","locations":[{"start":{"line":13,"column":6},"end":{"line":13,"column":6}},{"start":{"line":13,"column":6},"end":{"line":13,"column":6}}]},"2":{"line":24,"type":"if","locations":[{"start":{"line":24,"column":6},"end":{"line":24,"column":6}},{"start":{"line":24,"column":6},"end":{"line":24,"column":6}}]},"3":{"line":36,"type":"if","locations":[{"start":{"line":36,"column":0},"end":{"line":36,"column":0}},{"start":{"line":36,"column":0},"end":{"line":36,"column":0}}]}},"code":["var path = require(\"path\");","var local = path.join.bind(path, __dirname);","","var exec = require(local(\"../utils/execPromise\"));","var configure = require(local(\"configureLibssh2\"));","var buildFlags = require(local(\"../utils/buildFlags\"));","","module.exports = function prepareForBuild() {","  console.log(\"[nodegit] Running pre-install script\");","","  return exec(\"npm -v\")","    .then(function(npmVersion) {","      if (npmVersion.split(\".\")[0] < 3) {","        console.log(\"[nodegit] npm@2 installed, pre-loading required packages\");","        return exec(\"npm install --ignore-scripts\");","      }","","      return Promise.resolve();","    })","    .then(function() {","      return configure();","    })","    .then(function() {","      if (buildFlags.isGitRepo) {","        var submodules = require(local(\"submodules\"));","        var generate = require(local(\"../generate\"));","        return submodules()","          .then(function() {","            return generate();","          });","      }","    });","};","","// Called on the command line","if (require.main === module) {","  module.exports()","    .catch(function(e) {","      console.error(\"[nodegit] ERROR - Could not finish preinstall\");","      console.error(e);","      process.exit(1);","    });","}",""],"l":{"1":1,"2":1,"4":1,"5":1,"6":1,"8":1,"9":0,"11":0,"13":0,"14":0,"15":0,"18":0,"21":0,"24":0,"25":0,"26":0,"27":0,"29":0,"36":1,"37":0,"39":0,"40":0,"41":0}},"/home/travis/build/npmtest/node-npmtest-nodegit/node_modules/nodegit/utils/gitExecutableLocation.js":{"path":"/home/travis/build/npmtest/node-npmtest-nodegit/node_modules/nodegit/utils/gitExecutableLocation.js","s":{"1":1,"2":1,"3":0,"4":0,"5":0,"6":0,"7":0,"8":0,"9":0,"10":0,"11":0},"b":{"1":[0,0],"2":[0,0]},"f":{"1":0,"2":0,"3":0},"fnMap":{"1":{"name":"gitExecutableLocation","line":3,"loc":{"start":{"line":3,"column":17},"end":{"line":3,"column":50}}},"2":{"name":"(anonymous_2)","line":4,"loc":{"start":{"line":4,"column":21},"end":{"line":4,"column":47}}},"3":{"name":"(anonymous_3)","line":14,"loc":{"start":{"line":14,"column":17},"end":{"line":14,"column":47}}}},"statementMap":{"1":{"start":{"line":1,"column":0},"end":{"line":1,"column":34}},"2":{"start":{"line":3,"column":0},"end":{"line":23,"column":2}},"3":{"start":{"line":4,"column":2},"end":{"line":22,"column":5}},"4":{"start":{"line":5,"column":4},"end":{"line":5,"column":12}},"5":{"start":{"line":7,"column":4},"end":{"line":12,"column":5}},"6":{"start":{"line":8,"column":6},"end":{"line":8,"column":24}},"7":{"start":{"line":11,"column":6},"end":{"line":11,"column":24}},"8":{"start":{"line":14,"column":4},"end":{"line":21,"column":7}},"9":{"start":{"line":15,"column":6},"end":{"line":20,"column":7}},"10":{"start":{"line":16,"column":8},"end":{"line":16,"column":28}},"11":{"start":{"line":19,"column":8},"end":{"line":19,"column":24}}},"branchMap":{"1":{"line":7,"type":"if","locations":[{"start":{"line":7,"column":4},"end":{"line":7,"column":4}},{"start":{"line":7,"column":4},"end":{"line":7,"column":4}}]},"2":{"line":15,"type":"if","locations":[{"start":{"line":15,"column":6},"end":{"line":15,"column":6}},{"start":{"line":15,"column":6},"end":{"line":15,"column":6}}]}},"code":["var cp = require(\"child_process\");","","module.exports = function gitExecutableLocation() {","  return new Promise(function(resolve, reject) {","    var cmd;","","    if (process.platform === \"win32\") {","      cmd = \"where git\";","    }","    else {","      cmd = \"which git\";","    }","","    cp.exec(cmd, function(err, stdout, stderr) {","      if (err) {","        reject(err, stderr);","      }","      else {","        resolve(stdout);","      }","    });","  });","};",""],"l":{"1":1,"3":1,"4":0,"5":0,"7":0,"8":0,"11":0,"14":0,"15":0,"16":0,"19":0}},"/home/travis/build/npmtest/node-npmtest-nodegit/node_modules/nodegit/lifecycleScripts/submodules/getStatus.js":{"path":"/home/travis/build/npmtest/node-npmtest-nodegit/node_modules/nodegit/lifecycleScripts/submodules/getStatus.js","s":{"1":1,"2":1,"3":1,"4":1,"5":0,"6":0,"7":0,"8":1,"9":0,"10":0,"11":0,"12":0,"13":0,"14":0,"15":0,"16":0,"17":0},"b":{"1":[0,0]},"f":{"1":0,"2":0,"3":0,"4":0,"5":0},"fnMap":{"1":{"name":"getStatus","line":5,"loc":{"start":{"line":5,"column":17},"end":{"line":5,"column":38}}},"2":{"name":"(anonymous_2)","line":7,"loc":{"start":{"line":7,"column":10},"end":{"line":7,"column":27}}},"3":{"name":"getStatusPromiseFromLine","line":15,"loc":{"start":{"line":15,"column":6},"end":{"line":15,"column":46}}},"4":{"name":"(anonymous_4)","line":23,"loc":{"start":{"line":23,"column":16},"end":{"line":23,"column":40}}},"5":{"name":"(anonymous_5)","line":44,"loc":{"start":{"line":44,"column":11},"end":{"line":44,"column":22}}}},"statementMap":{"1":{"start":{"line":1,"column":0},"end":{"line":1,"column":27}},"2":{"start":{"line":2,"column":0},"end":{"line":2,"column":44}},"3":{"start":{"line":3,"column":0},"end":{"line":3,"column":62}},"4":{"start":{"line":5,"column":0},"end":{"line":50,"column":2}},"5":{"start":{"line":6,"column":2},"end":{"line":49,"column":7}},"6":{"start":{"line":8,"column":6},"end":{"line":13,"column":7}},"7":{"start":{"line":12,"column":8},"end":{"line":12,"column":35}},"8":{"start":{"line":15,"column":6},"end":{"line":36,"column":7}},"9":{"start":{"line":16,"column":8},"end":{"line":16,"column":50}},"10":{"start":{"line":17,"column":8},"end":{"line":17,"column":58}},"11":{"start":{"line":18,"column":8},"end":{"line":18,"column":66}},"12":{"start":{"line":19,"column":8},"end":{"line":19,"column":74}},"13":{"start":{"line":20,"column":8},"end":{"line":20,"column":35}},"14":{"start":{"line":22,"column":8},"end":{"line":35,"column":13}},"15":{"start":{"line":24,"column":12},"end":{"line":34,"column":14}},"16":{"start":{"line":38,"column":6},"end":{"line":42,"column":8}},"17":{"start":{"line":48,"column":6},"end":{"line":48,"column":33}}},"branchMap":{"1":{"line":8,"type":"if","locations":[{"start":{"line":8,"column":6},"end":{"line":8,"column":6}},{"start":{"line":8,"column":6},"end":{"line":8,"column":6}}]}},"code":["var path = require(\"path\");","var rootDir = path.join(__dirname, \"../..\");","var exec = require(path.join(rootDir, \"./utils/execPromise\"));","","module.exports = function getStatus() {","  return exec(\"git submodule status\", { cwd: rootDir})","    .then(function(stdout) {","      if (!stdout) {","        // In the case where we pull from npm they pre-init the submodules for","        // us and `git submodule status` returns empty-string. In that case","        // we'll just assume that we're good.","        return Promise.resolve([]);","      }","","      function getStatusPromiseFromLine(line) {","        var lineSections = line.trim().split(\" \");","        var onNewCommit = !!~lineSections[0].indexOf(\"+\");","        var needsInitialization = !!~lineSections[0].indexOf(\"-\");","        var commitOid = lineSections[0].replace(\"+\", \"\").replace(\"-\", \"\");","        var name = lineSections[1];","","        return exec(\"git status\", { cwd: path.join(rootDir, name)})","          .then(function(workDirStatus) {","            return {","              commitOid: commitOid,","              onNewCommit: onNewCommit,","              name: name,","              needsInitialization: needsInitialization,","              workDirDirty: !~workDirStatus","                .trim()","                .split(\"\\n\")","                .pop()","                .indexOf(\"nothing to commit\")","            };","          });","      }","","      return Promise.all(stdout","        .trim()","        .split(\"\\n\")","        .map(getStatusPromiseFromLine)","      );","    })","    .catch(function() {","      // In the case that NodeGit is required from another project via npm we","      // won't be able to run submodule commands but that's ok since the","      // correct version of libgit2 is published with nodegit.","      return Promise.resolve([]);","    });","};",""],"l":{"1":1,"2":1,"3":1,"5":1,"6":0,"8":0,"12":0,"15":1,"16":0,"17":0,"18":0,"19":0,"20":0,"22":0,"24":0,"38":0,"48":0}},"/home/travis/build/npmtest/node-npmtest-nodegit/node_modules/nodegit/lifecycleScripts/submodules/index.js":{"path":"/home/travis/build/npmtest/node-npmtest-nodegit/node_modules/nodegit/lifecycleScripts/submodules/index.js","s":{"1":1,"2":1,"3":1,"4":1,"5":1,"6":1,"7":0,"8":0,"9":0,"10":0,"11":0,"12":1,"13":0,"14":0,"15":0,"16":0,"17":0,"18":0,"19":0,"20":0,"21":0,"22":0,"23":0,"24":0,"25":0,"26":0,"27":0,"28":0,"29":0,"30":0,"31":0,"32":0},"b":{"1":[0,0],"2":[0,0],"3":[0,0],"4":[0,0]},"f":{"1":0,"2":0,"3":0,"4":0,"5":0,"6":0,"7":0,"8":0,"9":0,"10":0,"11":0},"fnMap":{"1":{"name":"submodules","line":11,"loc":{"start":{"line":11,"column":17},"end":{"line":11,"column":39}}},"2":{"name":"(anonymous_2)","line":13,"loc":{"start":{"line":13,"column":11},"end":{"line":13,"column":22}}},"3":{"name":"(anonymous_3)","line":19,"loc":{"start":{"line":19,"column":10},"end":{"line":19,"column":21}}},"4":{"name":"(anonymous_4)","line":23,"loc":{"start":{"line":23,"column":10},"end":{"line":23,"column":29}}},"5":{"name":"printSubmodule","line":24,"loc":{"start":{"line":24,"column":6},"end":{"line":24,"column":45}}},"6":{"name":"(anonymous_6)","line":29,"loc":{"start":{"line":29,"column":14},"end":{"line":29,"column":31}}},"7":{"name":"(anonymous_7)","line":32,"loc":{"start":{"line":32,"column":11},"end":{"line":32,"column":36}}},"8":{"name":"(anonymous_8)","line":49,"loc":{"start":{"line":49,"column":16},"end":{"line":49,"column":33}}},"9":{"name":"(anonymous_9)","line":52,"loc":{"start":{"line":52,"column":13},"end":{"line":52,"column":42}}},"10":{"name":"(anonymous_10)","line":65,"loc":{"start":{"line":65,"column":16},"end":{"line":65,"column":33}}},"11":{"name":"(anonymous_11)","line":68,"loc":{"start":{"line":68,"column":13},"end":{"line":68,"column":41}}}},"statementMap":{"1":{"start":{"line":1,"column":0},"end":{"line":1,"column":27}},"2":{"start":{"line":2,"column":0},"end":{"line":2,"column":44}},"3":{"start":{"line":4,"column":0},"end":{"line":6,"column":2}},"4":{"start":{"line":7,"column":0},"end":{"line":7,"column":45}},"5":{"start":{"line":9,"column":0},"end":{"line":9,"column":62}},"6":{"start":{"line":11,"column":0},"end":{"line":77,"column":2}},"7":{"start":{"line":12,"column":2},"end":{"line":76,"column":7}},"8":{"start":{"line":14,"column":6},"end":{"line":15,"column":47}},"9":{"start":{"line":17,"column":6},"end":{"line":17,"column":69}},"10":{"start":{"line":20,"column":6},"end":{"line":20,"column":57}},"11":{"start":{"line":21,"column":6},"end":{"line":21,"column":31}},"12":{"start":{"line":24,"column":6},"end":{"line":26,"column":7}},"13":{"start":{"line":25,"column":8},"end":{"line":25,"column":42}},"14":{"start":{"line":28,"column":6},"end":{"line":34,"column":9}},"15":{"start":{"line":30,"column":8},"end":{"line":30,"column":66}},"16":{"start":{"line":33,"column":8},"end":{"line":33,"column":35}},"17":{"start":{"line":36,"column":6},"end":{"line":46,"column":7}},"18":{"start":{"line":37,"column":8},"end":{"line":39,"column":10}},"19":{"start":{"line":40,"column":8},"end":{"line":40,"column":48}},"20":{"start":{"line":41,"column":8},"end":{"line":43,"column":10}},"21":{"start":{"line":45,"column":8},"end":{"line":45,"column":74}},"22":{"start":{"line":48,"column":6},"end":{"line":54,"column":11}},"23":{"start":{"line":50,"column":10},"end":{"line":50,"column":67}},"24":{"start":{"line":53,"column":10},"end":{"line":53,"column":41}},"25":{"start":{"line":56,"column":6},"end":{"line":62,"column":7}},"26":{"start":{"line":57,"column":8},"end":{"line":59,"column":10}},"27":{"start":{"line":60,"column":8},"end":{"line":60,"column":52}},"28":{"start":{"line":61,"column":8},"end":{"line":61,"column":52}},"29":{"start":{"line":64,"column":6},"end":{"line":75,"column":8}},"30":{"start":{"line":66,"column":10},"end":{"line":66,"column":37}},"31":{"start":{"line":69,"column":10},"end":{"line":69,"column":59}},"32":{"start":{"line":71,"column":10},"end":{"line":73,"column":12}}},"branchMap":{"1":{"line":30,"type":"binary-expr","locations":[{"start":{"line":30,"column":15},"end":{"line":30,"column":34}},{"start":{"line":30,"column":38},"end":{"line":30,"column":65}}]},"2":{"line":36,"type":"if","locations":[{"start":{"line":36,"column":6},"end":{"line":36,"column":6}},{"start":{"line":36,"column":6},"end":{"line":36,"column":6}}]},"3":{"line":50,"type":"binary-expr","locations":[{"start":{"line":50,"column":17},"end":{"line":50,"column":35}},{"start":{"line":50,"column":39},"end":{"line":50,"column":66}}]},"4":{"line":56,"type":"if","locations":[{"start":{"line":56,"column":6},"end":{"line":56,"column":6}},{"start":{"line":56,"column":6},"end":{"line":56,"column":6}}]}},"code":["var path = require(\"path\");","var rootDir = path.join(__dirname, \"../..\");","","var gitExecutableLocation = require(","  path.join(rootDir, \"./utils/gitExecutableLocation\")",");","var submoduleStatus = require(\"./getStatus\");","","var exec = require(path.join(rootDir, \"./utils/execPromise\"));","","module.exports = function submodules() {","  return gitExecutableLocation()","    .catch(function() {","      console.error(\"[nodegit] ERROR - Compilation of NodeGit requires git \" +","        \"CLI to be installed and on the path\");","","      throw new Error(\"git CLI is not installed or not on the path\");","    })","    .then(function() {","      console.log(\"[nodegit] Checking submodule status\");","      return submoduleStatus();","    })","    .then(function(statuses) {","      function printSubmodule(submoduleName) {","        console.log(\"\\t\" + submoduleName);","      }","","      var dirtySubmodules = statuses","      .filter(function(status) {","        return status.workDirDirty && !status.needsInitialization;","      })","      .map(function(dirtySubmodule) {","        return dirtySubmodule.name;","      });","","      if (dirtySubmodules.length) {","        console.error(","          \"[nodegit] ERROR - Some submodules have uncommited changes:\"","        );","        dirtySubmodules.forEach(printSubmodule);","        console.error(","          \"\\nThey must either be committed or discarded before we build\"","        );","","        throw new Error(\"Dirty Submodules: \" + dirtySubmodules.join(\" \"));","      }","","      var outOfSyncSubmodules = statuses","        .filter(function(status) {","          return status.onNewCommit && !status.needsInitialization;","        })","        .map(function(outOfSyncSubmodule) {","          return outOfSyncSubmodule.name;","        });","","      if (outOfSyncSubmodules.length) {","        console.warn(","          \"[nodegit] WARNING - Some submodules are pointing to an new commit:\"","        );","        outOfSyncSubmodules.forEach(printSubmodule);","        console.warn(\"\\nThey will not be updated.\");","      }","","      return Promise.all(statuses","        .filter(function(status) {","          return !status.onNewCommit;","        })","        .map(function(submoduleToUpdate) {","          console.log(\"[nodegit] Initializing submodules\");","","          return exec(","            \"git submodule update --init --recursive \" + submoduleToUpdate.name","          );","        })","      );","    });","};",""],"l":{"1":1,"2":1,"4":1,"7":1,"9":1,"11":1,"12":0,"14":0,"17":0,"20":0,"21":0,"24":1,"25":0,"28":0,"30":0,"33":0,"36":0,"37":0,"40":0,"41":0,"45":0,"48":0,"50":0,"53":0,"56":0,"57":0,"60":0,"61":0,"64":0,"66":0,"69":0,"71":0}}}